This file contains any messages produced by compilers while
running configure, to aid debugging if configure makes a mistake.

It was created by groff configure 1.22.3, which was
generated by GNU Autoconf 2.69.  Invocation command line was

  $ ./configure 

## --------- ##
## Platform. ##
## --------- ##

hostname = SioT_Edison
uname -m = i686
uname -r = 3.10.98-poky-edison+
uname -s = Linux
uname -v = #1 SMP PREEMPT Mon Jun 6 14:32:08 PDT 2016

/usr/bin/uname -p = unknown
/bin/uname -X     = unknown

/bin/arch              = unknown
/usr/bin/arch -k       = unknown
/usr/convex/getsysinfo = unknown
/usr/bin/hostinfo      = unknown
/bin/machine           = unknown
/usr/bin/oslevel       = unknown
/bin/universe          = unknown

PATH: /usr/local/bin
PATH: /usr/bin
PATH: /bin
PATH: /usr/local/sbin
PATH: /usr/sbin
PATH: /sbin


## ----------- ##
## Core tests. ##
## ----------- ##

configure:2505: checking for gcc
configure:2521: found /usr/bin/gcc
configure:2532: result: gcc
configure:2761: checking for C compiler version
configure:2770: gcc --version >&5
gcc (GCC) 4.9.1
Copyright (C) 2014 Free Software Foundation, Inc.
This is free software; see the source for copying conditions.  There is NO
warranty; not even for MERCHANTABILITY or FITNESS FOR A PARTICULAR PURPOSE.

configure:2781: $? = 0
configure:2770: gcc -v >&5
Using built-in specs.
COLLECT_GCC=gcc
COLLECT_LTO_WRAPPER=/usr/lib/gcc/gcc/i586-poky-linux/4.9.1/lto-wrapper
Target: i586-poky-linux
Configured with: /export/users/neck/iotdk_3.5_dev/workdir/build_edison/tmp/work-shared/gcc-4.9.1-r0/gcc-4.9.1/configure --build=x86_64-linux --host=i586-poky-linux --target=i586-poky-linux --prefix=/usr --exec_prefix=/usr --bindir=/usr/bin --sbindir=/usr/sbin --libexecdir=/usr/lib/gcc --datadir=/usr/share --sysconfdir=/etc --sharedstatedir=/com --localstatedir=/var --libdir=/usr/lib --includedir=/usr/include --oldincludedir=/usr/include --infodir=/usr/share/info --mandir=/usr/share/man --disable-silent-rules --disable-dependency-tracking --with-libtool-sysroot=/export/users/neck/iotdk_3.5_dev/workdir/build_edison/tmp/sysroots/edison --with-gnu-ld --enable-shared --enable-languages=c,c++ --enable-threads=posix --enable-multilib --enable-c99 --enable-long-long --enable-symvers=gnu --enable-libstdcxx-pch --program-prefix=i586-poky-linux- --without-local-prefix --enable-target-optspace --enable-lto --enable-libssp --disable-bootstrap --disable-libmudflap --with-system-zlib --with-linker-hash-style=gnu --enable-linker-build-id --with-ppl=no --with-cloog=no --enable-checking=release --enable-cheaders=c_global --with-sysroot=/ --with-build-sysroot=/export/users/neck/iotdk_3.5_dev/workdir/build_edison/tmp/sysroots/edison --with-native-system-header-dir=/export/users/neck/iotdk_3.5_dev/workdir/build_edison/tmp/sysroots/edison/usr/include --with-gxx-include-dir=/usr/include/c++/4.9.1 --enable-nls --enable-__cxa_atexit
Thread model: posix
gcc version 4.9.1 (GCC) 
configure:2781: $? = 0
configure:2770: gcc -V >&5
gcc: error: unrecognized command line option '-V'
gcc: fatal error: no input files
compilation terminated.
configure:2781: $? = 1
configure:2770: gcc -qversion >&5
gcc: error: unrecognized command line option '-qversion'
gcc: fatal error: no input files
compilation terminated.
configure:2781: $? = 1
configure:2801: checking whether the C compiler works
configure:2823: gcc    conftest.c  >&5
configure:2827: $? = 0
configure:2875: result: yes
configure:2878: checking for C compiler default output file name
configure:2880: result: a.out
configure:2886: checking for suffix of executables
configure:2893: gcc -o conftest    conftest.c  >&5
configure:2897: $? = 0
configure:2919: result: 
configure:2941: checking whether we are cross compiling
configure:2949: gcc -o conftest    conftest.c  >&5
configure:2953: $? = 0
configure:2960: ./conftest
configure:2964: $? = 0
configure:2979: result: no
configure:2984: checking for suffix of object files
configure:3006: gcc -c   conftest.c >&5
configure:3010: $? = 0
configure:3031: result: o
configure:3035: checking whether we are using the GNU C compiler
configure:3054: gcc -c   conftest.c >&5
configure:3054: $? = 0
configure:3063: result: yes
configure:3072: checking whether gcc accepts -g
configure:3092: gcc -c -g  conftest.c >&5
configure:3092: $? = 0
configure:3133: result: yes
configure:3150: checking for gcc option to accept ISO C89
configure:3213: gcc  -c -g -O2  conftest.c >&5
configure:3213: $? = 0
configure:3226: result: none needed
configure:3252: checking how to run the C preprocessor
configure:3283: gcc -E  conftest.c
configure:3283: $? = 0
configure:3297: gcc -E  conftest.c
conftest.c:9:28: fatal error: ac_nonexistent.h: No such file or directory
 #include <ac_nonexistent.h>
                            ^
compilation terminated.
configure:3297: $? = 1
configure: failed program was:
| /* confdefs.h */
| #define PACKAGE_NAME "groff"
| #define PACKAGE_TARNAME "groff-1.22.3"
| #define PACKAGE_VERSION "1.22.3"
| #define PACKAGE_STRING "groff 1.22.3"
| #define PACKAGE_BUGREPORT "bug-groff@gnu.org"
| #define PACKAGE_URL ""
| /* end confdefs.h.  */
| #include <ac_nonexistent.h>
configure:3322: result: gcc -E
configure:3342: gcc -E  conftest.c
configure:3342: $? = 0
configure:3356: gcc -E  conftest.c
conftest.c:9:28: fatal error: ac_nonexistent.h: No such file or directory
 #include <ac_nonexistent.h>
                            ^
compilation terminated.
configure:3356: $? = 1
configure: failed program was:
| /* confdefs.h */
| #define PACKAGE_NAME "groff"
| #define PACKAGE_TARNAME "groff-1.22.3"
| #define PACKAGE_VERSION "1.22.3"
| #define PACKAGE_STRING "groff 1.22.3"
| #define PACKAGE_BUGREPORT "bug-groff@gnu.org"
| #define PACKAGE_URL ""
| /* end confdefs.h.  */
| #include <ac_nonexistent.h>
configure:3385: checking for grep that handles long lines and -e
configure:3443: result: /bin/grep
configure:3448: checking for egrep
configure:3510: result: /bin/grep -E
configure:3515: checking for ANSI C header files
configure:3535: gcc -c -g -O2  conftest.c >&5
configure:3535: $? = 0
configure:3608: gcc -o conftest -g -O2   conftest.c  >&5
configure:3608: $? = 0
configure:3608: ./conftest
configure:3608: $? = 0
configure:3619: result: yes
configure:3632: checking for sys/types.h
configure:3632: gcc -c -g -O2  conftest.c >&5
configure:3632: $? = 0
configure:3632: result: yes
configure:3632: checking for sys/stat.h
configure:3632: gcc -c -g -O2  conftest.c >&5
configure:3632: $? = 0
configure:3632: result: yes
configure:3632: checking for stdlib.h
configure:3632: gcc -c -g -O2  conftest.c >&5
configure:3632: $? = 0
configure:3632: result: yes
configure:3632: checking for string.h
configure:3632: gcc -c -g -O2  conftest.c >&5
configure:3632: $? = 0
configure:3632: result: yes
configure:3632: checking for memory.h
configure:3632: gcc -c -g -O2  conftest.c >&5
configure:3632: $? = 0
configure:3632: result: yes
configure:3632: checking for strings.h
configure:3632: gcc -c -g -O2  conftest.c >&5
configure:3632: $? = 0
configure:3632: result: yes
configure:3632: checking for inttypes.h
configure:3632: gcc -c -g -O2  conftest.c >&5
configure:3632: $? = 0
configure:3632: result: yes
configure:3632: checking for stdint.h
configure:3632: gcc -c -g -O2  conftest.c >&5
configure:3632: $? = 0
configure:3632: result: yes
configure:3632: checking for unistd.h
configure:3632: gcc -c -g -O2  conftest.c >&5
configure:3632: $? = 0
configure:3632: result: yes
configure:3645: checking minix/config.h usability
configure:3645: gcc -c -g -O2  conftest.c >&5
conftest.c:52:26: fatal error: minix/config.h: No such file or directory
 #include <minix/config.h>
                          ^
compilation terminated.
configure:3645: $? = 1
configure: failed program was:
| /* confdefs.h */
| #define PACKAGE_NAME "groff"
| #define PACKAGE_TARNAME "groff-1.22.3"
| #define PACKAGE_VERSION "1.22.3"
| #define PACKAGE_STRING "groff 1.22.3"
| #define PACKAGE_BUGREPORT "bug-groff@gnu.org"
| #define PACKAGE_URL ""
| #define STDC_HEADERS 1
| #define HAVE_SYS_TYPES_H 1
| #define HAVE_SYS_STAT_H 1
| #define HAVE_STDLIB_H 1
| #define HAVE_STRING_H 1
| #define HAVE_MEMORY_H 1
| #define HAVE_STRINGS_H 1
| #define HAVE_INTTYPES_H 1
| #define HAVE_STDINT_H 1
| #define HAVE_UNISTD_H 1
| /* end confdefs.h.  */
| #include <stdio.h>
| #ifdef HAVE_SYS_TYPES_H
| # include <sys/types.h>
| #endif
| #ifdef HAVE_SYS_STAT_H
| # include <sys/stat.h>
| #endif
| #ifdef STDC_HEADERS
| # include <stdlib.h>
| # include <stddef.h>
| #else
| # ifdef HAVE_STDLIB_H
| #  include <stdlib.h>
| # endif
| #endif
| #ifdef HAVE_STRING_H
| # if !defined STDC_HEADERS && defined HAVE_MEMORY_H
| #  include <memory.h>
| # endif
| # include <string.h>
| #endif
| #ifdef HAVE_STRINGS_H
| # include <strings.h>
| #endif
| #ifdef HAVE_INTTYPES_H
| # include <inttypes.h>
| #endif
| #ifdef HAVE_STDINT_H
| # include <stdint.h>
| #endif
| #ifdef HAVE_UNISTD_H
| # include <unistd.h>
| #endif
| #include <minix/config.h>
configure:3645: result: no
configure:3645: checking minix/config.h presence
configure:3645: gcc -E  conftest.c
conftest.c:19:26: fatal error: minix/config.h: No such file or directory
 #include <minix/config.h>
                          ^
compilation terminated.
configure:3645: $? = 1
configure: failed program was:
| /* confdefs.h */
| #define PACKAGE_NAME "groff"
| #define PACKAGE_TARNAME "groff-1.22.3"
| #define PACKAGE_VERSION "1.22.3"
| #define PACKAGE_STRING "groff 1.22.3"
| #define PACKAGE_BUGREPORT "bug-groff@gnu.org"
| #define PACKAGE_URL ""
| #define STDC_HEADERS 1
| #define HAVE_SYS_TYPES_H 1
| #define HAVE_SYS_STAT_H 1
| #define HAVE_STDLIB_H 1
| #define HAVE_STRING_H 1
| #define HAVE_MEMORY_H 1
| #define HAVE_STRINGS_H 1
| #define HAVE_INTTYPES_H 1
| #define HAVE_STDINT_H 1
| #define HAVE_UNISTD_H 1
| /* end confdefs.h.  */
| #include <minix/config.h>
configure:3645: result: no
configure:3645: checking for minix/config.h
configure:3645: result: no
configure:3666: checking whether it is safe to define __EXTENSIONS__
configure:3684: gcc -c -g -O2  conftest.c >&5
configure:3684: $? = 0
configure:3691: result: yes
configure:3755: checking for gcc
configure:3782: result: gcc
configure:4011: checking for C compiler version
configure:4020: gcc --version >&5
gcc (GCC) 4.9.1
Copyright (C) 2014 Free Software Foundation, Inc.
This is free software; see the source for copying conditions.  There is NO
warranty; not even for MERCHANTABILITY or FITNESS FOR A PARTICULAR PURPOSE.

configure:4031: $? = 0
configure:4020: gcc -v >&5
Using built-in specs.
COLLECT_GCC=gcc
COLLECT_LTO_WRAPPER=/usr/lib/gcc/gcc/i586-poky-linux/4.9.1/lto-wrapper
Target: i586-poky-linux
Configured with: /export/users/neck/iotdk_3.5_dev/workdir/build_edison/tmp/work-shared/gcc-4.9.1-r0/gcc-4.9.1/configure --build=x86_64-linux --host=i586-poky-linux --target=i586-poky-linux --prefix=/usr --exec_prefix=/usr --bindir=/usr/bin --sbindir=/usr/sbin --libexecdir=/usr/lib/gcc --datadir=/usr/share --sysconfdir=/etc --sharedstatedir=/com --localstatedir=/var --libdir=/usr/lib --includedir=/usr/include --oldincludedir=/usr/include --infodir=/usr/share/info --mandir=/usr/share/man --disable-silent-rules --disable-dependency-tracking --with-libtool-sysroot=/export/users/neck/iotdk_3.5_dev/workdir/build_edison/tmp/sysroots/edison --with-gnu-ld --enable-shared --enable-languages=c,c++ --enable-threads=posix --enable-multilib --enable-c99 --enable-long-long --enable-symvers=gnu --enable-libstdcxx-pch --program-prefix=i586-poky-linux- --without-local-prefix --enable-target-optspace --enable-lto --enable-libssp --disable-bootstrap --disable-libmudflap --with-system-zlib --with-linker-hash-style=gnu --enable-linker-build-id --with-ppl=no --with-cloog=no --enable-checking=release --enable-cheaders=c_global --with-sysroot=/ --with-build-sysroot=/export/users/neck/iotdk_3.5_dev/workdir/build_edison/tmp/sysroots/edison --with-native-system-header-dir=/export/users/neck/iotdk_3.5_dev/workdir/build_edison/tmp/sysroots/edison/usr/include --with-gxx-include-dir=/usr/include/c++/4.9.1 --enable-nls --enable-__cxa_atexit
Thread model: posix
gcc version 4.9.1 (GCC) 
configure:4031: $? = 0
configure:4020: gcc -V >&5
gcc: error: unrecognized command line option '-V'
gcc: fatal error: no input files
compilation terminated.
configure:4031: $? = 1
configure:4020: gcc -qversion >&5
gcc: error: unrecognized command line option '-qversion'
gcc: fatal error: no input files
compilation terminated.
configure:4031: $? = 1
configure:4035: checking whether we are using the GNU C compiler
configure:4063: result: yes
configure:4072: checking whether gcc accepts -g
configure:4133: result: yes
configure:4150: checking for gcc option to accept ISO C89
configure:4226: result: none needed
configure:4304: checking for g++
configure:4320: found /usr/bin/g++
configure:4331: result: g++
configure:4358: checking for C++ compiler version
configure:4367: g++ --version >&5
g++ (GCC) 4.9.1
Copyright (C) 2014 Free Software Foundation, Inc.
This is free software; see the source for copying conditions.  There is NO
warranty; not even for MERCHANTABILITY or FITNESS FOR A PARTICULAR PURPOSE.

configure:4378: $? = 0
configure:4367: g++ -v >&5
Using built-in specs.
COLLECT_GCC=g++
COLLECT_LTO_WRAPPER=/usr/lib/gcc/gcc/i586-poky-linux/4.9.1/lto-wrapper
Target: i586-poky-linux
Configured with: /export/users/neck/iotdk_3.5_dev/workdir/build_edison/tmp/work-shared/gcc-4.9.1-r0/gcc-4.9.1/configure --build=x86_64-linux --host=i586-poky-linux --target=i586-poky-linux --prefix=/usr --exec_prefix=/usr --bindir=/usr/bin --sbindir=/usr/sbin --libexecdir=/usr/lib/gcc --datadir=/usr/share --sysconfdir=/etc --sharedstatedir=/com --localstatedir=/var --libdir=/usr/lib --includedir=/usr/include --oldincludedir=/usr/include --infodir=/usr/share/info --mandir=/usr/share/man --disable-silent-rules --disable-dependency-tracking --with-libtool-sysroot=/export/users/neck/iotdk_3.5_dev/workdir/build_edison/tmp/sysroots/edison --with-gnu-ld --enable-shared --enable-languages=c,c++ --enable-threads=posix --enable-multilib --enable-c99 --enable-long-long --enable-symvers=gnu --enable-libstdcxx-pch --program-prefix=i586-poky-linux- --without-local-prefix --enable-target-optspace --enable-lto --enable-libssp --disable-bootstrap --disable-libmudflap --with-system-zlib --with-linker-hash-style=gnu --enable-linker-build-id --with-ppl=no --with-cloog=no --enable-checking=release --enable-cheaders=c_global --with-sysroot=/ --with-build-sysroot=/export/users/neck/iotdk_3.5_dev/workdir/build_edison/tmp/sysroots/edison --with-native-system-header-dir=/export/users/neck/iotdk_3.5_dev/workdir/build_edison/tmp/sysroots/edison/usr/include --with-gxx-include-dir=/usr/include/c++/4.9.1 --enable-nls --enable-__cxa_atexit
Thread model: posix
gcc version 4.9.1 (GCC) 
configure:4378: $? = 0
configure:4367: g++ -V >&5
g++: error: unrecognized command line option '-V'
g++: fatal error: no input files
compilation terminated.
configure:4378: $? = 1
configure:4367: g++ -qversion >&5
g++: error: unrecognized command line option '-qversion'
g++: fatal error: no input files
compilation terminated.
configure:4378: $? = 1
configure:4382: checking whether we are using the GNU C++ compiler
configure:4401: g++ -c   conftest.cpp >&5
configure:4401: $? = 0
configure:4410: result: yes
configure:4419: checking whether g++ accepts -g
configure:4439: g++ -c -g  conftest.cpp >&5
configure:4439: $? = 0
configure:4480: result: yes
configure:4512: checking that C++ compiler can compile simple program
configure:4530: g++ -o conftest -g -O2   conftest.cpp  >&5
configure:4530: $? = 0
configure:4530: ./conftest
configure:4530: $? = 0
configure:4531: result: yes
configure:4544: checking that C++ static constructors and destructors are called
configure:4576: g++ -o conftest -g -O2   conftest.cpp  >&5
configure:4576: $? = 0
configure:4576: ./conftest
configure:4576: $? = 0
configure:4577: result: yes
configure:4589: checking that header files support C++
configure:4612: g++ -o conftest -g -O2   conftest.cpp  >&5
configure:4612: $? = 0
configure:4613: result: yes
configure:4630: checking whether character set is EBCDIC
configure:4654: gcc -c -g -O2  conftest.c >&5
conftest.c:31:1: error: unknown type name 'make'
 make an error "Character set is not EBCDIC"
 ^
conftest.c:31:9: error: expected '=', ',', ';', 'asm' or '__attribute__' before 'error'
 make an error "Character set is not EBCDIC"
         ^
configure:4654: $? = 1
configure: failed program was:
| /* confdefs.h */
| #define PACKAGE_NAME "groff"
| #define PACKAGE_TARNAME "groff-1.22.3"
| #define PACKAGE_VERSION "1.22.3"
| #define PACKAGE_STRING "groff 1.22.3"
| #define PACKAGE_BUGREPORT "bug-groff@gnu.org"
| #define PACKAGE_URL ""
| #define STDC_HEADERS 1
| #define HAVE_SYS_TYPES_H 1
| #define HAVE_SYS_STAT_H 1
| #define HAVE_STDLIB_H 1
| #define HAVE_STRING_H 1
| #define HAVE_MEMORY_H 1
| #define HAVE_STRINGS_H 1
| #define HAVE_INTTYPES_H 1
| #define HAVE_STDINT_H 1
| #define HAVE_UNISTD_H 1
| #define __EXTENSIONS__ 1
| #define _ALL_SOURCE 1
| #define _GNU_SOURCE 1
| #define _POSIX_PTHREAD_SEMANTICS 1
| #define _TANDEM_SOURCE 1
| /* end confdefs.h.  */
| 
| 
| 
| /* Treat any failure as ASCII for compatibility with existing art.
|    Use compile-time rather than run-time tests for cross-compiler
|    tolerance. */
| #if '0' != 240
| make an error "Character set is not EBCDIC"
| #endif
| 
| 
| int
| main ()
| {
| 
|   ;
|   return 0;
| }
| 
configure:4666: result: no
configure:4685: checking whether to install .cmd wrapper scripts for Windows
configure:4698: result: no
configure:4704: checking for X
configure:4812: gcc -E  conftest.c
configure:4812: $? = 0
configure:4843: gcc -o conftest -g -O2   conftest.c -lX11  >&5
configure:4843: $? = 0
configure:4893: result: libraries , headers 
configure:4992: gcc -o conftest -g -O2   conftest.c   -lX11 >&5
configure:4992: $? = 0
configure:5090: checking for gethostbyname
configure:5090: gcc -o conftest -g -O2   conftest.c  >&5
configure:5090: $? = 0
configure:5090: result: yes
configure:5187: checking for connect
configure:5187: gcc -o conftest -g -O2   conftest.c  >&5
configure:5187: $? = 0
configure:5187: result: yes
configure:5236: checking for remove
configure:5236: gcc -o conftest -g -O2   conftest.c  >&5
configure:5236: $? = 0
configure:5236: result: yes
configure:5285: checking for shmat
configure:5285: gcc -o conftest -g -O2   conftest.c  >&5
configure:5285: $? = 0
configure:5285: result: yes
configure:5343: checking for IceConnectionNumber in -lICE
configure:5368: gcc -o conftest -g -O2   conftest.c -lICE   >&5
configure:5368: $? = 0
configure:5377: result: yes
configure:5398: checking for Xaw library and header files
configure:5418: gcc -o conftest -g -O2     conftest.c   -lSM -lICE -lX11  -lXaw >&5
conftest.c:27:27: fatal error: X11/Intrinsic.h: No such file or directory
 #include <X11/Intrinsic.h>
                           ^
compilation terminated.
configure:5418: $? = 1
configure: failed program was:
| /* confdefs.h */
| #define PACKAGE_NAME "groff"
| #define PACKAGE_TARNAME "groff-1.22.3"
| #define PACKAGE_VERSION "1.22.3"
| #define PACKAGE_STRING "groff 1.22.3"
| #define PACKAGE_BUGREPORT "bug-groff@gnu.org"
| #define PACKAGE_URL ""
| #define STDC_HEADERS 1
| #define HAVE_SYS_TYPES_H 1
| #define HAVE_SYS_STAT_H 1
| #define HAVE_STDLIB_H 1
| #define HAVE_STRING_H 1
| #define HAVE_MEMORY_H 1
| #define HAVE_STRINGS_H 1
| #define HAVE_INTTYPES_H 1
| #define HAVE_STDINT_H 1
| #define HAVE_UNISTD_H 1
| #define __EXTENSIONS__ 1
| #define _ALL_SOURCE 1
| #define _GNU_SOURCE 1
| #define _POSIX_PTHREAD_SEMANTICS 1
| #define _TANDEM_SOURCE 1
| /* end confdefs.h.  */
| 
| 
| 
| #include <X11/Intrinsic.h>
| #include <X11/Xaw/Simple.h>
| 
| 
| int
| main ()
| {
| 
|   ;
|   return 0;
| }
| 
configure:5422: result: no
configure:5430: checking for Xmu library and header files
configure:5450: gcc -o conftest -g -O2     conftest.c   -lSM -lICE -lX11  -lXaw -lXmu >&5
conftest.c:27:27: fatal error: X11/Intrinsic.h: No such file or directory
 #include <X11/Intrinsic.h>
                           ^
compilation terminated.
configure:5450: $? = 1
configure: failed program was:
| /* confdefs.h */
| #define PACKAGE_NAME "groff"
| #define PACKAGE_TARNAME "groff-1.22.3"
| #define PACKAGE_VERSION "1.22.3"
| #define PACKAGE_STRING "groff 1.22.3"
| #define PACKAGE_BUGREPORT "bug-groff@gnu.org"
| #define PACKAGE_URL ""
| #define STDC_HEADERS 1
| #define HAVE_SYS_TYPES_H 1
| #define HAVE_SYS_STAT_H 1
| #define HAVE_STDLIB_H 1
| #define HAVE_STRING_H 1
| #define HAVE_MEMORY_H 1
| #define HAVE_STRINGS_H 1
| #define HAVE_INTTYPES_H 1
| #define HAVE_STDINT_H 1
| #define HAVE_UNISTD_H 1
| #define __EXTENSIONS__ 1
| #define _ALL_SOURCE 1
| #define _GNU_SOURCE 1
| #define _POSIX_PTHREAD_SEMANTICS 1
| #define _TANDEM_SOURCE 1
| /* end confdefs.h.  */
| 
| 
| 
| #include <X11/Intrinsic.h>
| #include <X11/Xmu/Converters.h>
| 
| 
| int
| main ()
| {
| 
|   ;
|   return 0;
| }
| 
configure:5454: result: no
configure:5467: gxditview and xtotroff won't be built
configure:5516: checking for a sed that does not truncate output
configure:5580: result: /bin/sed
configure:5589: checking for gawk
configure:5605: found /usr/bin/gawk
configure:5616: result: gawk
configure:5630: checking for perl
configure:5648: found /usr/bin/perl
configure:5661: result: /usr/bin/perl
configure:5680: checking for perl version
configure:5689: result: 5.20.0
configure:5753: checking for lpr
configure:5783: result: no
configure:5795: checking for lp
configure:5825: result: no
configure:5888: checking for command to use for printing PostScript files
configure:5890: result: 
configure:5894: checking for command to use for printing dvi files
configure:5904: result: 
configure:5909: checking for egrep
configure:5971: result: /bin/grep -E
configure:5980: checking for byacc
configure:6010: result: no
configure:5980: checking for bison
configure:5996: found /usr/bin/bison
configure:6007: result: bison -y
configure:6096: checking for makeinfo
configure:6126: result: no
configure:6161: WARNING: `makeinfo' is missing.
Get the `texinfo' package version 4.8 or newer if you want to convert
`groff.texinfo' into a PDF or HTML document.
configure:6224: checking for ranlib
configure:6240: found /usr/bin/ranlib
configure:6251: result: ranlib
configure:6310: checking for install-info
configure:6340: result: no
configure:6364: checking for a BSD-compatible install
configure:6432: result: /usr/bin/install -c
configure:6443: checking whether ln -s works
configure:6447: result: yes
configure:6457: checking for csh hash hack
configure:6473: result: no
configure:6485: checking stddef.h usability
configure:6485: gcc -c -g -O2  conftest.c >&5
configure:6485: $? = 0
configure:6485: result: yes
configure:6485: checking stddef.h presence
configure:6485: gcc -E  conftest.c
configure:6485: $? = 0
configure:6485: result: yes
configure:6485: checking for stddef.h
configure:6485: result: yes
configure:6485: checking for stdlib.h
configure:6485: result: yes
configure:6485: checking for unistd.h
configure:6485: result: yes
configure:6485: checking dirent.h usability
configure:6485: gcc -c -g -O2  conftest.c >&5
configure:6485: $? = 0
configure:6485: result: yes
configure:6485: checking dirent.h presence
configure:6485: gcc -E  conftest.c
configure:6485: $? = 0
configure:6485: result: yes
configure:6485: checking for dirent.h
configure:6485: result: yes
configure:6485: checking limits.h usability
configure:6485: gcc -c -g -O2  conftest.c >&5
configure:6485: $? = 0
configure:6485: result: yes
configure:6485: checking limits.h presence
configure:6485: gcc -E  conftest.c
configure:6485: $? = 0
configure:6485: result: yes
configure:6485: checking for limits.h
configure:6485: result: yes
configure:6485: checking sys/dir.h usability
configure:6485: gcc -c -g -O2  conftest.c >&5
configure:6485: $? = 0
configure:6485: result: yes
configure:6485: checking sys/dir.h presence
configure:6485: gcc -E  conftest.c
configure:6485: $? = 0
configure:6485: result: yes
configure:6485: checking for sys/dir.h
configure:6485: result: yes
configure:6485: checking for string.h
configure:6485: result: yes
configure:6485: checking for strings.h
configure:6485: result: yes
configure:6485: checking math.h usability
configure:6485: gcc -c -g -O2  conftest.c >&5
configure:6485: $? = 0
configure:6485: result: yes
configure:6485: checking math.h presence
configure:6485: gcc -E  conftest.c
configure:6485: $? = 0
configure:6485: result: yes
configure:6485: checking for math.h
configure:6485: result: yes
configure:6485: checking sys/time.h usability
configure:6485: gcc -c -g -O2  conftest.c >&5
configure:6485: $? = 0
configure:6485: result: yes
configure:6485: checking sys/time.h presence
configure:6485: gcc -E  conftest.c
configure:6485: $? = 0
configure:6485: result: yes
configure:6485: checking for sys/time.h
configure:6485: result: yes
configure:6485: checking direct.h usability
configure:6485: gcc -c -g -O2  conftest.c >&5
conftest.c:67:20: fatal error: direct.h: No such file or directory
 #include <direct.h>
                    ^
compilation terminated.
configure:6485: $? = 1
configure: failed program was:
| /* confdefs.h */
| #define PACKAGE_NAME "groff"
| #define PACKAGE_TARNAME "groff-1.22.3"
| #define PACKAGE_VERSION "1.22.3"
| #define PACKAGE_STRING "groff 1.22.3"
| #define PACKAGE_BUGREPORT "bug-groff@gnu.org"
| #define PACKAGE_URL ""
| #define STDC_HEADERS 1
| #define HAVE_SYS_TYPES_H 1
| #define HAVE_SYS_STAT_H 1
| #define HAVE_STDLIB_H 1
| #define HAVE_STRING_H 1
| #define HAVE_MEMORY_H 1
| #define HAVE_STRINGS_H 1
| #define HAVE_INTTYPES_H 1
| #define HAVE_STDINT_H 1
| #define HAVE_UNISTD_H 1
| #define __EXTENSIONS__ 1
| #define _ALL_SOURCE 1
| #define _GNU_SOURCE 1
| #define _POSIX_PTHREAD_SEMANTICS 1
| #define _TANDEM_SOURCE 1
| #define HAVE_STDDEF_H 1
| #define HAVE_STDLIB_H 1
| #define HAVE_UNISTD_H 1
| #define HAVE_DIRENT_H 1
| #define HAVE_LIMITS_H 1
| #define HAVE_SYS_DIR_H 1
| #define HAVE_STRING_H 1
| #define HAVE_STRINGS_H 1
| #define HAVE_MATH_H 1
| #define HAVE_SYS_TIME_H 1
| /* end confdefs.h.  */
| #include <stdio.h>
| #ifdef HAVE_SYS_TYPES_H
| # include <sys/types.h>
| #endif
| #ifdef HAVE_SYS_STAT_H
| # include <sys/stat.h>
| #endif
| #ifdef STDC_HEADERS
| # include <stdlib.h>
| # include <stddef.h>
| #else
| # ifdef HAVE_STDLIB_H
| #  include <stdlib.h>
| # endif
| #endif
| #ifdef HAVE_STRING_H
| # if !defined STDC_HEADERS && defined HAVE_MEMORY_H
| #  include <memory.h>
| # endif
| # include <string.h>
| #endif
| #ifdef HAVE_STRINGS_H
| # include <strings.h>
| #endif
| #ifdef HAVE_INTTYPES_H
| # include <inttypes.h>
| #endif
| #ifdef HAVE_STDINT_H
| # include <stdint.h>
| #endif
| #ifdef HAVE_UNISTD_H
| # include <unistd.h>
| #endif
| #include <direct.h>
configure:6485: result: no
configure:6485: checking direct.h presence
configure:6485: gcc -E  conftest.c
conftest.c:34:20: fatal error: direct.h: No such file or directory
 #include <direct.h>
                    ^
compilation terminated.
configure:6485: $? = 1
configure: failed program was:
| /* confdefs.h */
| #define PACKAGE_NAME "groff"
| #define PACKAGE_TARNAME "groff-1.22.3"
| #define PACKAGE_VERSION "1.22.3"
| #define PACKAGE_STRING "groff 1.22.3"
| #define PACKAGE_BUGREPORT "bug-groff@gnu.org"
| #define PACKAGE_URL ""
| #define STDC_HEADERS 1
| #define HAVE_SYS_TYPES_H 1
| #define HAVE_SYS_STAT_H 1
| #define HAVE_STDLIB_H 1
| #define HAVE_STRING_H 1
| #define HAVE_MEMORY_H 1
| #define HAVE_STRINGS_H 1
| #define HAVE_INTTYPES_H 1
| #define HAVE_STDINT_H 1
| #define HAVE_UNISTD_H 1
| #define __EXTENSIONS__ 1
| #define _ALL_SOURCE 1
| #define _GNU_SOURCE 1
| #define _POSIX_PTHREAD_SEMANTICS 1
| #define _TANDEM_SOURCE 1
| #define HAVE_STDDEF_H 1
| #define HAVE_STDLIB_H 1
| #define HAVE_UNISTD_H 1
| #define HAVE_DIRENT_H 1
| #define HAVE_LIMITS_H 1
| #define HAVE_SYS_DIR_H 1
| #define HAVE_STRING_H 1
| #define HAVE_STRINGS_H 1
| #define HAVE_MATH_H 1
| #define HAVE_SYS_TIME_H 1
| /* end confdefs.h.  */
| #include <direct.h>
configure:6485: result: no
configure:6485: checking for direct.h
configure:6485: result: no
configure:6485: checking process.h usability
configure:6485: gcc -c -g -O2  conftest.c >&5
conftest.c:67:21: fatal error: process.h: No such file or directory
 #include <process.h>
                     ^
compilation terminated.
configure:6485: $? = 1
configure: failed program was:
| /* confdefs.h */
| #define PACKAGE_NAME "groff"
| #define PACKAGE_TARNAME "groff-1.22.3"
| #define PACKAGE_VERSION "1.22.3"
| #define PACKAGE_STRING "groff 1.22.3"
| #define PACKAGE_BUGREPORT "bug-groff@gnu.org"
| #define PACKAGE_URL ""
| #define STDC_HEADERS 1
| #define HAVE_SYS_TYPES_H 1
| #define HAVE_SYS_STAT_H 1
| #define HAVE_STDLIB_H 1
| #define HAVE_STRING_H 1
| #define HAVE_MEMORY_H 1
| #define HAVE_STRINGS_H 1
| #define HAVE_INTTYPES_H 1
| #define HAVE_STDINT_H 1
| #define HAVE_UNISTD_H 1
| #define __EXTENSIONS__ 1
| #define _ALL_SOURCE 1
| #define _GNU_SOURCE 1
| #define _POSIX_PTHREAD_SEMANTICS 1
| #define _TANDEM_SOURCE 1
| #define HAVE_STDDEF_H 1
| #define HAVE_STDLIB_H 1
| #define HAVE_UNISTD_H 1
| #define HAVE_DIRENT_H 1
| #define HAVE_LIMITS_H 1
| #define HAVE_SYS_DIR_H 1
| #define HAVE_STRING_H 1
| #define HAVE_STRINGS_H 1
| #define HAVE_MATH_H 1
| #define HAVE_SYS_TIME_H 1
| /* end confdefs.h.  */
| #include <stdio.h>
| #ifdef HAVE_SYS_TYPES_H
| # include <sys/types.h>
| #endif
| #ifdef HAVE_SYS_STAT_H
| # include <sys/stat.h>
| #endif
| #ifdef STDC_HEADERS
| # include <stdlib.h>
| # include <stddef.h>
| #else
| # ifdef HAVE_STDLIB_H
| #  include <stdlib.h>
| # endif
| #endif
| #ifdef HAVE_STRING_H
| # if !defined STDC_HEADERS && defined HAVE_MEMORY_H
| #  include <memory.h>
| # endif
| # include <string.h>
| #endif
| #ifdef HAVE_STRINGS_H
| # include <strings.h>
| #endif
| #ifdef HAVE_INTTYPES_H
| # include <inttypes.h>
| #endif
| #ifdef HAVE_STDINT_H
| # include <stdint.h>
| #endif
| #ifdef HAVE_UNISTD_H
| # include <unistd.h>
| #endif
| #include <process.h>
configure:6485: result: no
configure:6485: checking process.h presence
configure:6485: gcc -E  conftest.c
conftest.c:34:21: fatal error: process.h: No such file or directory
 #include <process.h>
                     ^
compilation terminated.
configure:6485: $? = 1
configure: failed program was:
| /* confdefs.h */
| #define PACKAGE_NAME "groff"
| #define PACKAGE_TARNAME "groff-1.22.3"
| #define PACKAGE_VERSION "1.22.3"
| #define PACKAGE_STRING "groff 1.22.3"
| #define PACKAGE_BUGREPORT "bug-groff@gnu.org"
| #define PACKAGE_URL ""
| #define STDC_HEADERS 1
| #define HAVE_SYS_TYPES_H 1
| #define HAVE_SYS_STAT_H 1
| #define HAVE_STDLIB_H 1
| #define HAVE_STRING_H 1
| #define HAVE_MEMORY_H 1
| #define HAVE_STRINGS_H 1
| #define HAVE_INTTYPES_H 1
| #define HAVE_STDINT_H 1
| #define HAVE_UNISTD_H 1
| #define __EXTENSIONS__ 1
| #define _ALL_SOURCE 1
| #define _GNU_SOURCE 1
| #define _POSIX_PTHREAD_SEMANTICS 1
| #define _TANDEM_SOURCE 1
| #define HAVE_STDDEF_H 1
| #define HAVE_STDLIB_H 1
| #define HAVE_UNISTD_H 1
| #define HAVE_DIRENT_H 1
| #define HAVE_LIMITS_H 1
| #define HAVE_SYS_DIR_H 1
| #define HAVE_STRING_H 1
| #define HAVE_STRINGS_H 1
| #define HAVE_MATH_H 1
| #define HAVE_SYS_TIME_H 1
| /* end confdefs.h.  */
| #include <process.h>
configure:6485: result: no
configure:6485: checking for process.h
configure:6485: result: no
configure:6495: checking for ISC 3.x or 4.x
configure:6505: result: no
configure:6508: checking whether -D_POSIX_SOURCE is necessary
configure:6534: g++ -c -g -O2  conftest.cpp >&5
conftest.cpp:38:29: error: conflicting declaration of C function 'void fileno(int)'
 extern "C" { void fileno(int); }
                             ^
In file included from conftest.cpp:37:0:
/usr/include/stdio.h:858:12: note: previous declaration 'int fileno(FILE*)'
 extern int fileno (FILE *__stream) __THROW __wur;
            ^
configure:6534: $? = 1
configure: failed program was:
| /* confdefs.h */
| #define PACKAGE_NAME "groff"
| #define PACKAGE_TARNAME "groff-1.22.3"
| #define PACKAGE_VERSION "1.22.3"
| #define PACKAGE_STRING "groff 1.22.3"
| #define PACKAGE_BUGREPORT "bug-groff@gnu.org"
| #define PACKAGE_URL ""
| #define STDC_HEADERS 1
| #define HAVE_SYS_TYPES_H 1
| #define HAVE_SYS_STAT_H 1
| #define HAVE_STDLIB_H 1
| #define HAVE_STRING_H 1
| #define HAVE_MEMORY_H 1
| #define HAVE_STRINGS_H 1
| #define HAVE_INTTYPES_H 1
| #define HAVE_STDINT_H 1
| #define HAVE_UNISTD_H 1
| #define __EXTENSIONS__ 1
| #define _ALL_SOURCE 1
| #define _GNU_SOURCE 1
| #define _POSIX_PTHREAD_SEMANTICS 1
| #define _TANDEM_SOURCE 1
| #define HAVE_STDDEF_H 1
| #define HAVE_STDLIB_H 1
| #define HAVE_UNISTD_H 1
| #define HAVE_DIRENT_H 1
| #define HAVE_LIMITS_H 1
| #define HAVE_SYS_DIR_H 1
| #define HAVE_STRING_H 1
| #define HAVE_STRINGS_H 1
| #define HAVE_MATH_H 1
| #define HAVE_SYS_TIME_H 1
| /* end confdefs.h.  */
| 
| 
| 
| #include <stdio.h>
| extern "C" { void fileno(int); }
| 
| 
| int
| main ()
| {
| 
|   ;
|   return 0;
| }
| 
configure:6541: result: no
configure:6559: checking for return type of srand
configure:6579: g++ -c -g -O2  conftest.cpp >&5
configure:6579: $? = 0
configure:6580: result: void
configure:6596: checking whether gettimeofday must be declared
configure:6648: g++ -c -g -O2  conftest.cpp >&5
configure:6648: $? = 0
configure:6656: result: no
configure:6669: checking whether hypot must be declared
configure:6721: g++ -c -g -O2  conftest.cpp >&5
configure:6721: $? = 0
configure:6729: result: no
configure:6742: checking whether popen must be declared
configure:6794: g++ -c -g -O2  conftest.cpp >&5
configure:6794: $? = 0
configure:6802: result: no
configure:6815: checking whether pclose must be declared
configure:6867: g++ -c -g -O2  conftest.cpp >&5
configure:6867: $? = 0
configure:6875: result: no
configure:6888: checking whether putenv must be declared
configure:6940: g++ -c -g -O2  conftest.cpp >&5
configure:6940: $? = 0
configure:6948: result: no
configure:6961: checking whether rand must be declared
configure:7013: g++ -c -g -O2  conftest.cpp >&5
configure:7013: $? = 0
configure:7021: result: no
configure:7034: checking whether snprintf must be declared
configure:7086: g++ -c -g -O2  conftest.cpp >&5
configure:7086: $? = 0
configure:7094: result: no
configure:7107: checking whether srand must be declared
configure:7159: g++ -c -g -O2  conftest.cpp >&5
configure:7159: $? = 0
configure:7167: result: no
configure:7180: checking whether strcasecmp must be declared
configure:7232: g++ -c -g -O2  conftest.cpp >&5
configure:7232: $? = 0
configure:7240: result: no
configure:7253: checking whether strncasecmp must be declared
configure:7305: g++ -c -g -O2  conftest.cpp >&5
configure:7305: $? = 0
configure:7313: result: no
configure:7326: checking whether vfprintf must be declared
configure:7378: g++ -c -g -O2  conftest.cpp >&5
configure:7378: $? = 0
configure:7386: result: no
configure:7399: checking whether vsnprintf must be declared
configure:7451: g++ -c -g -O2  conftest.cpp >&5
configure:7451: $? = 0
configure:7459: result: no
configure:7478: checking for sys_nerr in <errno.h>, <stdio.h>, or <stdlib.h>
configure:7504: g++ -c -g -O2  conftest.cpp >&5
configure:7504: $? = 0
configure:7505: result: yes
configure:7521: checking for sys_errlist in <errno.h>, <stdio.h>, or <stdlib.h>
configure:7547: gcc -c -g -O2  conftest.c >&5
configure:7547: $? = 0
configure:7548: result: yes
configure:7564: checking C++ <osfcn.h>
configure:7588: g++ -c -g -O2  conftest.cpp >&5
conftest.cpp:40:19: fatal error: osfcn.h: No such file or directory
 #include <osfcn.h>
                   ^
compilation terminated.
configure:7588: $? = 1
configure: failed program was:
| /* confdefs.h */
| #define PACKAGE_NAME "groff"
| #define PACKAGE_TARNAME "groff-1.22.3"
| #define PACKAGE_VERSION "1.22.3"
| #define PACKAGE_STRING "groff 1.22.3"
| #define PACKAGE_BUGREPORT "bug-groff@gnu.org"
| #define PACKAGE_URL ""
| #define STDC_HEADERS 1
| #define HAVE_SYS_TYPES_H 1
| #define HAVE_SYS_STAT_H 1
| #define HAVE_STDLIB_H 1
| #define HAVE_STRING_H 1
| #define HAVE_MEMORY_H 1
| #define HAVE_STRINGS_H 1
| #define HAVE_INTTYPES_H 1
| #define HAVE_STDINT_H 1
| #define HAVE_UNISTD_H 1
| #define __EXTENSIONS__ 1
| #define _ALL_SOURCE 1
| #define _GNU_SOURCE 1
| #define _POSIX_PTHREAD_SEMANTICS 1
| #define _TANDEM_SOURCE 1
| #define HAVE_STDDEF_H 1
| #define HAVE_STDLIB_H 1
| #define HAVE_UNISTD_H 1
| #define HAVE_DIRENT_H 1
| #define HAVE_LIMITS_H 1
| #define HAVE_SYS_DIR_H 1
| #define HAVE_STRING_H 1
| #define HAVE_STRINGS_H 1
| #define HAVE_MATH_H 1
| #define HAVE_SYS_TIME_H 1
| #define RET_TYPE_SRAND_IS_VOID 1
| #define HAVE_SYS_NERR 1
| #define HAVE_SYS_ERRLIST 1
| /* end confdefs.h.  */
| 
| 
| 
| #include <osfcn.h>
| 
| 
| int
| main ()
| {
| 
| 
| read(0, 0, 0);
| open(0, 0);
| 
| 
|   ;
|   return 0;
| }
| 
configure:7595: result: no
configure:7611: checking C++ <limits.h>
configure:7636: g++ -c -g -O2  conftest.cpp >&5
configure:7636: $? = 0
configure:7637: result: yes
configure:7659: checking C++ <inttypes.h>
configure:7683: g++ -c -g -O2  conftest.cpp >&5
configure:7683: $? = 0
configure:7692: result: yes
configure:7708: checking for unsigned long long
configure:7733: g++ -o conftest -g -O2   conftest.cpp  >&5
configure:7733: $? = 0
configure:7740: result: yes
configure:7766: checking for declaration of time_t
configure:7790: g++ -c -g -O2  conftest.cpp >&5
configure:7790: $? = 0
configure:7791: result: yes
configure:7807: checking for return type of signal handlers
configure:7840: gcc -c -g -O2  conftest.c >&5
conftest.c:47:8: error: expected identifier or '(' before string constant
 extern "C" void (*signal (int, void (*)(int)))(int);
        ^
configure:7840: $? = 1
configure: failed program was:
| /* confdefs.h */
| #define PACKAGE_NAME "groff"
| #define PACKAGE_TARNAME "groff-1.22.3"
| #define PACKAGE_VERSION "1.22.3"
| #define PACKAGE_STRING "groff 1.22.3"
| #define PACKAGE_BUGREPORT "bug-groff@gnu.org"
| #define PACKAGE_URL ""
| #define STDC_HEADERS 1
| #define HAVE_SYS_TYPES_H 1
| #define HAVE_SYS_STAT_H 1
| #define HAVE_STDLIB_H 1
| #define HAVE_STRING_H 1
| #define HAVE_MEMORY_H 1
| #define HAVE_STRINGS_H 1
| #define HAVE_INTTYPES_H 1
| #define HAVE_STDINT_H 1
| #define HAVE_UNISTD_H 1
| #define __EXTENSIONS__ 1
| #define _ALL_SOURCE 1
| #define _GNU_SOURCE 1
| #define _POSIX_PTHREAD_SEMANTICS 1
| #define _TANDEM_SOURCE 1
| #define HAVE_STDDEF_H 1
| #define HAVE_STDLIB_H 1
| #define HAVE_UNISTD_H 1
| #define HAVE_DIRENT_H 1
| #define HAVE_LIMITS_H 1
| #define HAVE_SYS_DIR_H 1
| #define HAVE_STRING_H 1
| #define HAVE_STRINGS_H 1
| #define HAVE_MATH_H 1
| #define HAVE_SYS_TIME_H 1
| #define RET_TYPE_SRAND_IS_VOID 1
| #define HAVE_SYS_NERR 1
| #define HAVE_SYS_ERRLIST 1
| #define HAVE_CC_LIMITS_H 1
| #define HAVE_CC_INTTYPES_H 1
| /* end confdefs.h.  */
| 
| 
| 
| #include <sys/types.h>
| #include <signal.h>
| #ifdef signal
| # undef signal
| #endif
| extern "C" void (*signal (int, void (*)(int)))(int);
| 
| 
| int
| main ()
| {
| 
| 
| int i;
| 
| 
|   ;
|   return 0;
| }
| 
configure:7840: gcc -c -g -O2  conftest.c >&5
conftest.c:47:8: error: expected identifier or '(' before string constant
 extern "C" void (*signal (int, void (*)(int)) throw ())(int);
        ^
configure:7840: $? = 1
configure: failed program was:
| /* confdefs.h */
| #define PACKAGE_NAME "groff"
| #define PACKAGE_TARNAME "groff-1.22.3"
| #define PACKAGE_VERSION "1.22.3"
| #define PACKAGE_STRING "groff 1.22.3"
| #define PACKAGE_BUGREPORT "bug-groff@gnu.org"
| #define PACKAGE_URL ""
| #define STDC_HEADERS 1
| #define HAVE_SYS_TYPES_H 1
| #define HAVE_SYS_STAT_H 1
| #define HAVE_STDLIB_H 1
| #define HAVE_STRING_H 1
| #define HAVE_MEMORY_H 1
| #define HAVE_STRINGS_H 1
| #define HAVE_INTTYPES_H 1
| #define HAVE_STDINT_H 1
| #define HAVE_UNISTD_H 1
| #define __EXTENSIONS__ 1
| #define _ALL_SOURCE 1
| #define _GNU_SOURCE 1
| #define _POSIX_PTHREAD_SEMANTICS 1
| #define _TANDEM_SOURCE 1
| #define HAVE_STDDEF_H 1
| #define HAVE_STDLIB_H 1
| #define HAVE_UNISTD_H 1
| #define HAVE_DIRENT_H 1
| #define HAVE_LIMITS_H 1
| #define HAVE_SYS_DIR_H 1
| #define HAVE_STRING_H 1
| #define HAVE_STRINGS_H 1
| #define HAVE_MATH_H 1
| #define HAVE_SYS_TIME_H 1
| #define RET_TYPE_SRAND_IS_VOID 1
| #define HAVE_SYS_NERR 1
| #define HAVE_SYS_ERRLIST 1
| #define HAVE_CC_LIMITS_H 1
| #define HAVE_CC_INTTYPES_H 1
| /* end confdefs.h.  */
| 
| 
| 
| #include <sys/types.h>
| #include <signal.h>
| #ifdef signal
| # undef signal
| #endif
| extern "C" void (*signal (int, void (*)(int)) throw ())(int);
| 
| 
| int
| main ()
| {
| 
| 
| int i;
| 
| 
|   ;
|   return 0;
| }
| 
configure:7840: gcc -c -g -O2  conftest.c >&5
configure:7840: $? = 0
configure:7849: result: void
configure:7861: checking struct exception
configure:7884: gcc -c -g -O2  conftest.c >&5
configure:7884: $? = 0
configure:7885: result: yes
configure:7897: checking whether byte ordering is bigendian
configure:7912: gcc -c -g -O2  conftest.c >&5
conftest.c:42:9: error: unknown type name 'not'
         not a universal capable compiler
         ^
conftest.c:42:15: error: expected '=', ',', ';', 'asm' or '__attribute__' before 'universal'
         not a universal capable compiler
               ^
conftest.c:42:15: error: unknown type name 'universal'
configure:7912: $? = 1
configure: failed program was:
| /* confdefs.h */
| #define PACKAGE_NAME "groff"
| #define PACKAGE_TARNAME "groff-1.22.3"
| #define PACKAGE_VERSION "1.22.3"
| #define PACKAGE_STRING "groff 1.22.3"
| #define PACKAGE_BUGREPORT "bug-groff@gnu.org"
| #define PACKAGE_URL ""
| #define STDC_HEADERS 1
| #define HAVE_SYS_TYPES_H 1
| #define HAVE_SYS_STAT_H 1
| #define HAVE_STDLIB_H 1
| #define HAVE_STRING_H 1
| #define HAVE_MEMORY_H 1
| #define HAVE_STRINGS_H 1
| #define HAVE_INTTYPES_H 1
| #define HAVE_STDINT_H 1
| #define HAVE_UNISTD_H 1
| #define __EXTENSIONS__ 1
| #define _ALL_SOURCE 1
| #define _GNU_SOURCE 1
| #define _POSIX_PTHREAD_SEMANTICS 1
| #define _TANDEM_SOURCE 1
| #define HAVE_STDDEF_H 1
| #define HAVE_STDLIB_H 1
| #define HAVE_UNISTD_H 1
| #define HAVE_DIRENT_H 1
| #define HAVE_LIMITS_H 1
| #define HAVE_SYS_DIR_H 1
| #define HAVE_STRING_H 1
| #define HAVE_STRINGS_H 1
| #define HAVE_MATH_H 1
| #define HAVE_SYS_TIME_H 1
| #define RET_TYPE_SRAND_IS_VOID 1
| #define HAVE_SYS_NERR 1
| #define HAVE_SYS_ERRLIST 1
| #define HAVE_CC_LIMITS_H 1
| #define HAVE_CC_INTTYPES_H 1
| #define RETSIGTYPE void
| #define HAVE_STRUCT_EXCEPTION 1
| /* end confdefs.h.  */
| #ifndef __APPLE_CC__
| 	       not a universal capable compiler
| 	     #endif
| 	     typedef int dummy;
| 
configure:7957: gcc -c -g -O2  conftest.c >&5
configure:7957: $? = 0
configure:7975: gcc -c -g -O2  conftest.c >&5
conftest.c: In function 'main':
conftest.c:48:4: error: unknown type name 'not'
    not big endian
    ^
conftest.c:48:12: error: expected '=', ',', ';', 'asm' or '__attribute__' before 'endian'
    not big endian
            ^
configure:7975: $? = 1
configure: failed program was:
| /* confdefs.h */
| #define PACKAGE_NAME "groff"
| #define PACKAGE_TARNAME "groff-1.22.3"
| #define PACKAGE_VERSION "1.22.3"
| #define PACKAGE_STRING "groff 1.22.3"
| #define PACKAGE_BUGREPORT "bug-groff@gnu.org"
| #define PACKAGE_URL ""
| #define STDC_HEADERS 1
| #define HAVE_SYS_TYPES_H 1
| #define HAVE_SYS_STAT_H 1
| #define HAVE_STDLIB_H 1
| #define HAVE_STRING_H 1
| #define HAVE_MEMORY_H 1
| #define HAVE_STRINGS_H 1
| #define HAVE_INTTYPES_H 1
| #define HAVE_STDINT_H 1
| #define HAVE_UNISTD_H 1
| #define __EXTENSIONS__ 1
| #define _ALL_SOURCE 1
| #define _GNU_SOURCE 1
| #define _POSIX_PTHREAD_SEMANTICS 1
| #define _TANDEM_SOURCE 1
| #define HAVE_STDDEF_H 1
| #define HAVE_STDLIB_H 1
| #define HAVE_UNISTD_H 1
| #define HAVE_DIRENT_H 1
| #define HAVE_LIMITS_H 1
| #define HAVE_SYS_DIR_H 1
| #define HAVE_STRING_H 1
| #define HAVE_STRINGS_H 1
| #define HAVE_MATH_H 1
| #define HAVE_SYS_TIME_H 1
| #define RET_TYPE_SRAND_IS_VOID 1
| #define HAVE_SYS_NERR 1
| #define HAVE_SYS_ERRLIST 1
| #define HAVE_CC_LIMITS_H 1
| #define HAVE_CC_INTTYPES_H 1
| #define RETSIGTYPE void
| #define HAVE_STRUCT_EXCEPTION 1
| /* end confdefs.h.  */
| #include <sys/types.h>
| 		#include <sys/param.h>
| 
| int
| main ()
| {
| #if BYTE_ORDER != BIG_ENDIAN
| 		 not big endian
| 		#endif
| 
|   ;
|   return 0;
| }
configure:8103: result: no
configure:8123: checking for main in -lc
configure:8142: gcc -o conftest -g -O2   conftest.c -lc   >&5
configure:8142: $? = 0
configure:8151: result: yes
configure:8158: checking for sin in -lm
configure:8183: gcc -o conftest -g -O2   conftest.c -lm   >&5
conftest.c:48:6: warning: conflicting types for built-in function 'sin'
 char sin ();
      ^
configure:8183: $? = 0
configure:8192: result: yes
configure:8210: checking build system type
configure:8224: result: i686-pc-linux-gnu
configure:8244: checking host system type
configure:8257: result: i686-pc-linux-gnu
configure:8318: checking for ld used by gcc
configure:8385: result: /usr/i586-poky-linux/bin/ld
configure:8392: checking if the linker (/usr/i586-poky-linux/bin/ld) is GNU ld
configure:8407: result: yes
configure:8414: checking for shared library run path origin
configure:8427: result: done
configure:8451: checking how to run the C++ preprocessor
configure:8478: g++ -E  conftest.cpp
configure:8478: $? = 0
configure:8492: g++ -E  conftest.cpp
conftest.cpp:41:28: fatal error: ac_nonexistent.h: No such file or directory
 #include <ac_nonexistent.h>
                            ^
compilation terminated.
configure:8492: $? = 1
configure: failed program was:
| /* confdefs.h */
| #define PACKAGE_NAME "groff"
| #define PACKAGE_TARNAME "groff-1.22.3"
| #define PACKAGE_VERSION "1.22.3"
| #define PACKAGE_STRING "groff 1.22.3"
| #define PACKAGE_BUGREPORT "bug-groff@gnu.org"
| #define PACKAGE_URL ""
| #define STDC_HEADERS 1
| #define HAVE_SYS_TYPES_H 1
| #define HAVE_SYS_STAT_H 1
| #define HAVE_STDLIB_H 1
| #define HAVE_STRING_H 1
| #define HAVE_MEMORY_H 1
| #define HAVE_STRINGS_H 1
| #define HAVE_INTTYPES_H 1
| #define HAVE_STDINT_H 1
| #define HAVE_UNISTD_H 1
| #define __EXTENSIONS__ 1
| #define _ALL_SOURCE 1
| #define _GNU_SOURCE 1
| #define _POSIX_PTHREAD_SEMANTICS 1
| #define _TANDEM_SOURCE 1
| #define HAVE_STDDEF_H 1
| #define HAVE_STDLIB_H 1
| #define HAVE_UNISTD_H 1
| #define HAVE_DIRENT_H 1
| #define HAVE_LIMITS_H 1
| #define HAVE_SYS_DIR_H 1
| #define HAVE_STRING_H 1
| #define HAVE_STRINGS_H 1
| #define HAVE_MATH_H 1
| #define HAVE_SYS_TIME_H 1
| #define RET_TYPE_SRAND_IS_VOID 1
| #define HAVE_SYS_NERR 1
| #define HAVE_SYS_ERRLIST 1
| #define HAVE_CC_LIMITS_H 1
| #define HAVE_CC_INTTYPES_H 1
| #define RETSIGTYPE void
| #define HAVE_STRUCT_EXCEPTION 1
| /* end confdefs.h.  */
| #include <ac_nonexistent.h>
configure:8517: result: g++ -E
configure:8537: g++ -E  conftest.cpp
configure:8537: $? = 0
configure:8551: g++ -E  conftest.cpp
conftest.cpp:41:28: fatal error: ac_nonexistent.h: No such file or directory
 #include <ac_nonexistent.h>
                            ^
compilation terminated.
configure:8551: $? = 1
configure: failed program was:
| /* confdefs.h */
| #define PACKAGE_NAME "groff"
| #define PACKAGE_TARNAME "groff-1.22.3"
| #define PACKAGE_VERSION "1.22.3"
| #define PACKAGE_STRING "groff 1.22.3"
| #define PACKAGE_BUGREPORT "bug-groff@gnu.org"
| #define PACKAGE_URL ""
| #define STDC_HEADERS 1
| #define HAVE_SYS_TYPES_H 1
| #define HAVE_SYS_STAT_H 1
| #define HAVE_STDLIB_H 1
| #define HAVE_STRING_H 1
| #define HAVE_MEMORY_H 1
| #define HAVE_STRINGS_H 1
| #define HAVE_INTTYPES_H 1
| #define HAVE_STDINT_H 1
| #define HAVE_UNISTD_H 1
| #define __EXTENSIONS__ 1
| #define _ALL_SOURCE 1
| #define _GNU_SOURCE 1
| #define _POSIX_PTHREAD_SEMANTICS 1
| #define _TANDEM_SOURCE 1
| #define HAVE_STDDEF_H 1
| #define HAVE_STDLIB_H 1
| #define HAVE_UNISTD_H 1
| #define HAVE_DIRENT_H 1
| #define HAVE_LIMITS_H 1
| #define HAVE_SYS_DIR_H 1
| #define HAVE_STRING_H 1
| #define HAVE_STRINGS_H 1
| #define HAVE_MATH_H 1
| #define HAVE_SYS_TIME_H 1
| #define RET_TYPE_SRAND_IS_VOID 1
| #define HAVE_SYS_NERR 1
| #define HAVE_SYS_ERRLIST 1
| #define HAVE_CC_LIMITS_H 1
| #define HAVE_CC_INTTYPES_H 1
| #define RETSIGTYPE void
| #define HAVE_STRUCT_EXCEPTION 1
| /* end confdefs.h.  */
| #include <ac_nonexistent.h>
configure:9139: checking for iconv
configure:9163: g++ -o conftest -g -O2   conftest.cpp  >&5
configure:9163: $? = 0
configure:9197: result: yes
configure:9200: checking for working iconv
configure:9329: g++ -o conftest -g -O2   conftest.cpp  >&5
configure:9329: $? = 0
configure:9329: ./conftest
configure:9329: $? = 16
configure: program exited with status 16
configure: failed program was:
| /* confdefs.h */
| #define PACKAGE_NAME "groff"
| #define PACKAGE_TARNAME "groff-1.22.3"
| #define PACKAGE_VERSION "1.22.3"
| #define PACKAGE_STRING "groff 1.22.3"
| #define PACKAGE_BUGREPORT "bug-groff@gnu.org"
| #define PACKAGE_URL ""
| #define STDC_HEADERS 1
| #define HAVE_SYS_TYPES_H 1
| #define HAVE_SYS_STAT_H 1
| #define HAVE_STDLIB_H 1
| #define HAVE_STRING_H 1
| #define HAVE_MEMORY_H 1
| #define HAVE_STRINGS_H 1
| #define HAVE_INTTYPES_H 1
| #define HAVE_STDINT_H 1
| #define HAVE_UNISTD_H 1
| #define __EXTENSIONS__ 1
| #define _ALL_SOURCE 1
| #define _GNU_SOURCE 1
| #define _POSIX_PTHREAD_SEMANTICS 1
| #define _TANDEM_SOURCE 1
| #define HAVE_STDDEF_H 1
| #define HAVE_STDLIB_H 1
| #define HAVE_UNISTD_H 1
| #define HAVE_DIRENT_H 1
| #define HAVE_LIMITS_H 1
| #define HAVE_SYS_DIR_H 1
| #define HAVE_STRING_H 1
| #define HAVE_STRINGS_H 1
| #define HAVE_MATH_H 1
| #define HAVE_SYS_TIME_H 1
| #define RET_TYPE_SRAND_IS_VOID 1
| #define HAVE_SYS_NERR 1
| #define HAVE_SYS_ERRLIST 1
| #define HAVE_CC_LIMITS_H 1
| #define HAVE_CC_INTTYPES_H 1
| #define RETSIGTYPE void
| #define HAVE_STRUCT_EXCEPTION 1
| /* end confdefs.h.  */
| 
| #include <iconv.h>
| #include <string.h>
| 
| #ifndef ICONV_CONST
| # define ICONV_CONST 
| #endif
| 
| int
| main ()
| {
| int result = 0;
|   /* Test against AIX 5.1 bug: Failures are not distinguishable from successful
|      returns.  */
|   {
|     iconv_t cd_utf8_to_88591 = iconv_open ("ISO8859-1", "UTF-8");
|     if (cd_utf8_to_88591 != (iconv_t)(-1))
|       {
|         static ICONV_CONST char input[] = "\342\202\254"; /* EURO SIGN */
|         char buf[10];
|         ICONV_CONST char *inptr = input;
|         size_t inbytesleft = strlen (input);
|         char *outptr = buf;
|         size_t outbytesleft = sizeof (buf);
|         size_t res = iconv (cd_utf8_to_88591,
|                             &inptr, &inbytesleft,
|                             &outptr, &outbytesleft);
|         if (res == 0)
|           result |= 1;
|         iconv_close (cd_utf8_to_88591);
|       }
|   }
|   /* Test against Solaris 10 bug: Failures are not distinguishable from
|      successful returns.  */
|   {
|     iconv_t cd_ascii_to_88591 = iconv_open ("ISO8859-1", "646");
|     if (cd_ascii_to_88591 != (iconv_t)(-1))
|       {
|         static ICONV_CONST char input[] = "\263";
|         char buf[10];
|         ICONV_CONST char *inptr = input;
|         size_t inbytesleft = strlen (input);
|         char *outptr = buf;
|         size_t outbytesleft = sizeof (buf);
|         size_t res = iconv (cd_ascii_to_88591,
|                             &inptr, &inbytesleft,
|                             &outptr, &outbytesleft);
|         if (res == 0)
|           result |= 2;
|         iconv_close (cd_ascii_to_88591);
|       }
|   }
|   /* Test against AIX 6.1..7.1 bug: Buffer overrun.  */
|   {
|     iconv_t cd_88591_to_utf8 = iconv_open ("UTF-8", "ISO-8859-1");
|     if (cd_88591_to_utf8 != (iconv_t)(-1))
|       {
|         static ICONV_CONST char input[] = "\304";
|         static char buf[2] = { (char)0xDE, (char)0xAD };
|         ICONV_CONST char *inptr = input;
|         size_t inbytesleft = 1;
|         char *outptr = buf;
|         size_t outbytesleft = 1;
|         size_t res = iconv (cd_88591_to_utf8,
|                             &inptr, &inbytesleft,
|                             &outptr, &outbytesleft);
|         if (res != (size_t)(-1) || outptr - buf > 1 || buf[1] != (char)0xAD)
|           result |= 4;
|         iconv_close (cd_88591_to_utf8);
|       }
|   }
| #if 0 /* This bug could be worked around by the caller.  */
|   /* Test against HP-UX 11.11 bug: Positive return value instead of 0.  */
|   {
|     iconv_t cd_88591_to_utf8 = iconv_open ("utf8", "iso88591");
|     if (cd_88591_to_utf8 != (iconv_t)(-1))
|       {
|         static ICONV_CONST char input[] = "\304rger mit b\366sen B\374bchen ohne Augenma\337";
|         char buf[50];
|         ICONV_CONST char *inptr = input;
|         size_t inbytesleft = strlen (input);
|         char *outptr = buf;
|         size_t outbytesleft = sizeof (buf);
|         size_t res = iconv (cd_88591_to_utf8,
|                             &inptr, &inbytesleft,
|                             &outptr, &outbytesleft);
|         if ((int)res > 0)
|           result |= 8;
|         iconv_close (cd_88591_to_utf8);
|       }
|   }
| #endif
|   /* Test against HP-UX 11.11 bug: No converter from EUC-JP to UTF-8 is
|      provided.  */
|   if (/* Try standardized names.  */
|       iconv_open ("UTF-8", "EUC-JP") == (iconv_t)(-1)
|       /* Try IRIX, OSF/1 names.  */
|       && iconv_open ("UTF-8", "eucJP") == (iconv_t)(-1)
|       /* Try AIX names.  */
|       && iconv_open ("UTF-8", "IBM-eucJP") == (iconv_t)(-1)
|       /* Try HP-UX names.  */
|       && iconv_open ("utf8", "eucJP") == (iconv_t)(-1))
|     result |= 16;
|   return result;
| 
|   ;
|   return 0;
| }
configure:9329: g++ -o conftest -g -O2   conftest.cpp  >&5
conftest.cpp: In function 'int main()':
conftest.cpp:67:51: error: invalid conversion from 'const char**' to 'char**' [-fpermissive]
                             &outptr, &outbytesleft);
                                                   ^
In file included from conftest.cpp:42:0:
/usr/include/iconv.h:42:15: note: initializing argument 2 of 'size_t iconv(iconv_t, char**, size_t*, char**, size_t*)'
 extern size_t iconv (iconv_t __cd, char **__restrict __inbuf,
               ^
conftest.cpp:87:51: error: invalid conversion from 'const char**' to 'char**' [-fpermissive]
                             &outptr, &outbytesleft);
                                                   ^
In file included from conftest.cpp:42:0:
/usr/include/iconv.h:42:15: note: initializing argument 2 of 'size_t iconv(iconv_t, char**, size_t*, char**, size_t*)'
 extern size_t iconv (iconv_t __cd, char **__restrict __inbuf,
               ^
conftest.cpp:106:51: error: invalid conversion from 'const char**' to 'char**' [-fpermissive]
                             &outptr, &outbytesleft);
                                                   ^
In file included from conftest.cpp:42:0:
/usr/include/iconv.h:42:15: note: initializing argument 2 of 'size_t iconv(iconv_t, char**, size_t*, char**, size_t*)'
 extern size_t iconv (iconv_t __cd, char **__restrict __inbuf,
               ^
configure:9329: $? = 1
configure: program exited with status 1
configure: failed program was:
| /* confdefs.h */
| #define PACKAGE_NAME "groff"
| #define PACKAGE_TARNAME "groff-1.22.3"
| #define PACKAGE_VERSION "1.22.3"
| #define PACKAGE_STRING "groff 1.22.3"
| #define PACKAGE_BUGREPORT "bug-groff@gnu.org"
| #define PACKAGE_URL ""
| #define STDC_HEADERS 1
| #define HAVE_SYS_TYPES_H 1
| #define HAVE_SYS_STAT_H 1
| #define HAVE_STDLIB_H 1
| #define HAVE_STRING_H 1
| #define HAVE_MEMORY_H 1
| #define HAVE_STRINGS_H 1
| #define HAVE_INTTYPES_H 1
| #define HAVE_STDINT_H 1
| #define HAVE_UNISTD_H 1
| #define __EXTENSIONS__ 1
| #define _ALL_SOURCE 1
| #define _GNU_SOURCE 1
| #define _POSIX_PTHREAD_SEMANTICS 1
| #define _TANDEM_SOURCE 1
| #define HAVE_STDDEF_H 1
| #define HAVE_STDLIB_H 1
| #define HAVE_UNISTD_H 1
| #define HAVE_DIRENT_H 1
| #define HAVE_LIMITS_H 1
| #define HAVE_SYS_DIR_H 1
| #define HAVE_STRING_H 1
| #define HAVE_STRINGS_H 1
| #define HAVE_MATH_H 1
| #define HAVE_SYS_TIME_H 1
| #define RET_TYPE_SRAND_IS_VOID 1
| #define HAVE_SYS_NERR 1
| #define HAVE_SYS_ERRLIST 1
| #define HAVE_CC_LIMITS_H 1
| #define HAVE_CC_INTTYPES_H 1
| #define RETSIGTYPE void
| #define HAVE_STRUCT_EXCEPTION 1
| /* end confdefs.h.  */
| 
| #include <iconv.h>
| #include <string.h>
| 
| #ifndef ICONV_CONST
| # define ICONV_CONST const
| #endif
| 
| int
| main ()
| {
| int result = 0;
|   /* Test against AIX 5.1 bug: Failures are not distinguishable from successful
|      returns.  */
|   {
|     iconv_t cd_utf8_to_88591 = iconv_open ("ISO8859-1", "UTF-8");
|     if (cd_utf8_to_88591 != (iconv_t)(-1))
|       {
|         static ICONV_CONST char input[] = "\342\202\254"; /* EURO SIGN */
|         char buf[10];
|         ICONV_CONST char *inptr = input;
|         size_t inbytesleft = strlen (input);
|         char *outptr = buf;
|         size_t outbytesleft = sizeof (buf);
|         size_t res = iconv (cd_utf8_to_88591,
|                             &inptr, &inbytesleft,
|                             &outptr, &outbytesleft);
|         if (res == 0)
|           result |= 1;
|         iconv_close (cd_utf8_to_88591);
|       }
|   }
|   /* Test against Solaris 10 bug: Failures are not distinguishable from
|      successful returns.  */
|   {
|     iconv_t cd_ascii_to_88591 = iconv_open ("ISO8859-1", "646");
|     if (cd_ascii_to_88591 != (iconv_t)(-1))
|       {
|         static ICONV_CONST char input[] = "\263";
|         char buf[10];
|         ICONV_CONST char *inptr = input;
|         size_t inbytesleft = strlen (input);
|         char *outptr = buf;
|         size_t outbytesleft = sizeof (buf);
|         size_t res = iconv (cd_ascii_to_88591,
|                             &inptr, &inbytesleft,
|                             &outptr, &outbytesleft);
|         if (res == 0)
|           result |= 2;
|         iconv_close (cd_ascii_to_88591);
|       }
|   }
|   /* Test against AIX 6.1..7.1 bug: Buffer overrun.  */
|   {
|     iconv_t cd_88591_to_utf8 = iconv_open ("UTF-8", "ISO-8859-1");
|     if (cd_88591_to_utf8 != (iconv_t)(-1))
|       {
|         static ICONV_CONST char input[] = "\304";
|         static char buf[2] = { (char)0xDE, (char)0xAD };
|         ICONV_CONST char *inptr = input;
|         size_t inbytesleft = 1;
|         char *outptr = buf;
|         size_t outbytesleft = 1;
|         size_t res = iconv (cd_88591_to_utf8,
|                             &inptr, &inbytesleft,
|                             &outptr, &outbytesleft);
|         if (res != (size_t)(-1) || outptr - buf > 1 || buf[1] != (char)0xAD)
|           result |= 4;
|         iconv_close (cd_88591_to_utf8);
|       }
|   }
| #if 0 /* This bug could be worked around by the caller.  */
|   /* Test against HP-UX 11.11 bug: Positive return value instead of 0.  */
|   {
|     iconv_t cd_88591_to_utf8 = iconv_open ("utf8", "iso88591");
|     if (cd_88591_to_utf8 != (iconv_t)(-1))
|       {
|         static ICONV_CONST char input[] = "\304rger mit b\366sen B\374bchen ohne Augenma\337";
|         char buf[50];
|         ICONV_CONST char *inptr = input;
|         size_t inbytesleft = strlen (input);
|         char *outptr = buf;
|         size_t outbytesleft = sizeof (buf);
|         size_t res = iconv (cd_88591_to_utf8,
|                             &inptr, &inbytesleft,
|                             &outptr, &outbytesleft);
|         if ((int)res > 0)
|           result |= 8;
|         iconv_close (cd_88591_to_utf8);
|       }
|   }
| #endif
|   /* Test against HP-UX 11.11 bug: No converter from EUC-JP to UTF-8 is
|      provided.  */
|   if (/* Try standardized names.  */
|       iconv_open ("UTF-8", "EUC-JP") == (iconv_t)(-1)
|       /* Try IRIX, OSF/1 names.  */
|       && iconv_open ("UTF-8", "eucJP") == (iconv_t)(-1)
|       /* Try AIX names.  */
|       && iconv_open ("UTF-8", "IBM-eucJP") == (iconv_t)(-1)
|       /* Try HP-UX names.  */
|       && iconv_open ("utf8", "eucJP") == (iconv_t)(-1))
|     result |= 16;
|   return result;
| 
|   ;
|   return 0;
| }
configure:9341: result: no
configure:9369: checking for iconv declaration
configure:9398: g++ -c -g -O2  conftest.cpp >&5
configure:9398: $? = 0
configure:9409: result:
         extern size_t iconv (iconv_t cd, char * *inbuf, size_t *inbytesleft, char * *outbuf, size_t *outbytesleft);
configure:9438: checking for stdlib.h
configure:9438: result: yes
configure:9438: checking for unistd.h
configure:9438: result: yes
configure:9438: checking for sys/param.h
configure:9438: gcc -c -g -O2  conftest.c >&5
configure:9438: $? = 0
configure:9438: result: yes
configure:9458: checking for getpagesize
configure:9458: gcc -o conftest -g -O2   conftest.c  >&5
configure:9458: $? = 0
configure:9458: result: yes
configure:9467: checking for working mmap
configure:9614: gcc -o conftest -g -O2   conftest.c  >&5
configure:9614: $? = 0
configure:9614: ./conftest
configure:9614: $? = 0
configure:9624: result: yes
configure:9635: checking for fmod
configure:9635: gcc -o conftest -g -O2   conftest.c  -lc -lm >&5
conftest.c:70:6: warning: conflicting types for built-in function 'fmod'
 char fmod ();
      ^
configure:9635: $? = 0
configure:9635: result: yes
configure:9648: checking for getcwd
configure:9648: gcc -o conftest -g -O2   conftest.c  -lc -lm >&5
configure:9648: $? = 0
configure:9648: result: yes
configure:9661: checking for putenv
configure:9661: gcc -o conftest -g -O2   conftest.c  -lc -lm >&5
configure:9661: $? = 0
configure:9661: result: yes
configure:9674: checking for snprintf
configure:9674: gcc -o conftest -g -O2   conftest.c  -lc -lm >&5
conftest.c:73:6: warning: conflicting types for built-in function 'snprintf'
 char snprintf ();
      ^
configure:9674: $? = 0
configure:9674: result: yes
configure:9687: checking for strcasecmp
configure:9687: gcc -o conftest -g -O2   conftest.c  -lc -lm >&5
conftest.c:74:6: warning: conflicting types for built-in function 'strcasecmp'
 char strcasecmp ();
      ^
configure:9687: $? = 0
configure:9687: result: yes
configure:9700: checking for strerror
configure:9700: gcc -o conftest -g -O2   conftest.c  -lc -lm >&5
configure:9700: $? = 0
configure:9700: result: yes
configure:9713: checking for strncasecmp
configure:9713: gcc -o conftest -g -O2   conftest.c  -lc -lm >&5
conftest.c:76:6: warning: conflicting types for built-in function 'strncasecmp'
 char strncasecmp ();
      ^
configure:9713: $? = 0
configure:9713: result: yes
configure:9726: checking for strtol
configure:9726: gcc -o conftest -g -O2   conftest.c  -lc -lm >&5
configure:9726: $? = 0
configure:9726: result: yes
configure:9743: checking for vsnprintf
configure:9743: gcc -o conftest -g -O2   conftest.c  -lc -lm >&5
conftest.c:78:6: warning: conflicting types for built-in function 'vsnprintf'
 char vsnprintf ();
      ^
configure:9743: $? = 0
configure:9743: result: yes
configure:9763: checking for gettimeofday
configure:9763: gcc -o conftest -g -O2   conftest.c  >&5
configure:9763: $? = 0
configure:9763: result: yes
configure:9763: checking for isatty
configure:9763: gcc -o conftest -g -O2   conftest.c  >&5
configure:9763: $? = 0
configure:9763: result: yes
configure:9763: checking for kill
configure:9763: gcc -o conftest -g -O2   conftest.c  >&5
configure:9763: $? = 0
configure:9763: result: yes
configure:9763: checking for rename
configure:9763: gcc -o conftest -g -O2   conftest.c  >&5
configure:9763: $? = 0
configure:9763: result: yes
configure:9763: checking for setlocale
configure:9763: gcc -o conftest -g -O2   conftest.c  >&5
configure:9763: $? = 0
configure:9763: result: yes
configure:9763: checking for strsep
configure:9763: gcc -o conftest -g -O2   conftest.c  >&5
configure:9763: $? = 0
configure:9763: result: yes
configure:9772: checking for mkstemp
configure:9804: g++ -o conftest -g -O2   conftest.cpp  >&5
configure:9804: $? = 0
configure:9805: result: yes
configure:9828: checking whether sys_siglist is declared
configure:9828: gcc -c -g -O2  conftest.c >&5
conftest.c: In function 'main':
conftest.c:103:10: error: 'sys_siglist' undeclared (first use in this function)
   (void) sys_siglist;
          ^
conftest.c:103:10: note: each undeclared identifier is reported only once for each function it appears in
configure:9828: $? = 1
configure: failed program was:
| /* confdefs.h */
| #define PACKAGE_NAME "groff"
| #define PACKAGE_TARNAME "groff-1.22.3"
| #define PACKAGE_VERSION "1.22.3"
| #define PACKAGE_STRING "groff 1.22.3"
| #define PACKAGE_BUGREPORT "bug-groff@gnu.org"
| #define PACKAGE_URL ""
| #define STDC_HEADERS 1
| #define HAVE_SYS_TYPES_H 1
| #define HAVE_SYS_STAT_H 1
| #define HAVE_STDLIB_H 1
| #define HAVE_STRING_H 1
| #define HAVE_MEMORY_H 1
| #define HAVE_STRINGS_H 1
| #define HAVE_INTTYPES_H 1
| #define HAVE_STDINT_H 1
| #define HAVE_UNISTD_H 1
| #define __EXTENSIONS__ 1
| #define _ALL_SOURCE 1
| #define _GNU_SOURCE 1
| #define _POSIX_PTHREAD_SEMANTICS 1
| #define _TANDEM_SOURCE 1
| #define HAVE_STDDEF_H 1
| #define HAVE_STDLIB_H 1
| #define HAVE_UNISTD_H 1
| #define HAVE_DIRENT_H 1
| #define HAVE_LIMITS_H 1
| #define HAVE_SYS_DIR_H 1
| #define HAVE_STRING_H 1
| #define HAVE_STRINGS_H 1
| #define HAVE_MATH_H 1
| #define HAVE_SYS_TIME_H 1
| #define RET_TYPE_SRAND_IS_VOID 1
| #define HAVE_SYS_NERR 1
| #define HAVE_SYS_ERRLIST 1
| #define HAVE_CC_LIMITS_H 1
| #define HAVE_CC_INTTYPES_H 1
| #define RETSIGTYPE void
| #define HAVE_STRUCT_EXCEPTION 1
| #define ICONV_CONST 
| #define HAVE_STDLIB_H 1
| #define HAVE_UNISTD_H 1
| #define HAVE_SYS_PARAM_H 1
| #define HAVE_GETPAGESIZE 1
| #define HAVE_MMAP 1
| #define HAVE_FMOD 1
| #define HAVE_GETCWD 1
| #define HAVE_PUTENV 1
| #define HAVE_SNPRINTF 1
| #define HAVE_STRCASECMP 1
| #define HAVE_STRERROR 1
| #define HAVE_STRNCASECMP 1
| #define HAVE_STRTOL 1
| #define HAVE_VSNPRINTF 1
| #define HAVE_GETTIMEOFDAY 1
| #define HAVE_ISATTY 1
| #define HAVE_KILL 1
| #define HAVE_RENAME 1
| #define HAVE_SETLOCALE 1
| #define HAVE_STRSEP 1
| #define HAVE_MKSTEMP 1
| /* end confdefs.h.  */
| #include <stdio.h>
| #ifdef HAVE_SYS_TYPES_H
| # include <sys/types.h>
| #endif
| #ifdef HAVE_SYS_STAT_H
| # include <sys/stat.h>
| #endif
| #ifdef STDC_HEADERS
| # include <stdlib.h>
| # include <stddef.h>
| #else
| # ifdef HAVE_STDLIB_H
| #  include <stdlib.h>
| # endif
| #endif
| #ifdef HAVE_STRING_H
| # if !defined STDC_HEADERS && defined HAVE_MEMORY_H
| #  include <memory.h>
| # endif
| # include <string.h>
| #endif
| #ifdef HAVE_STRINGS_H
| # include <strings.h>
| #endif
| #ifdef HAVE_INTTYPES_H
| # include <inttypes.h>
| #endif
| #ifdef HAVE_STDINT_H
| # include <stdint.h>
| #endif
| #ifdef HAVE_UNISTD_H
| # include <unistd.h>
| #endif
| int
| main ()
| {
| #ifndef sys_siglist
| #ifdef __cplusplus
|   (void) sys_siglist;
| #else
|   (void) sys_siglist;
| #endif
| #endif
| 
|   ;
|   return 0;
| }
configure:9828: result: no
configure:9838: checking whether getc_unlocked is declared
configure:9838: gcc -c -g -O2  conftest.c >&5
configure:9838: $? = 0
configure:9838: result: yes
configure:9850: checking for nl_langinfo and CODESET
configure:9866: gcc -o conftest -g -O2   conftest.c  >&5
configure:9866: $? = 0
configure:9875: result: yes
configure:9891: checking whether ANSI array delete syntax is supported
configure:9911: g++ -c -g -O2  conftest.cpp >&5
configure:9911: $? = 0
configure:9912: result: yes
configure:9934: checking traditional preprocessor
configure:9957: g++ -c -g -O2  conftest.cpp >&5
conftest.cpp: In function 'int main()':
conftest.cpp:77:16: error: expected initializer before 'bar'
 int name2(foo, bar);
                ^
conftest.cpp:69:26: note: in definition of macro 'name2'
 #define name2(a, b) a/**/b
                          ^
configure:9957: $? = 1
configure: failed program was:
| /* confdefs.h */
| #define PACKAGE_NAME "groff"
| #define PACKAGE_TARNAME "groff-1.22.3"
| #define PACKAGE_VERSION "1.22.3"
| #define PACKAGE_STRING "groff 1.22.3"
| #define PACKAGE_BUGREPORT "bug-groff@gnu.org"
| #define PACKAGE_URL ""
| #define STDC_HEADERS 1
| #define HAVE_SYS_TYPES_H 1
| #define HAVE_SYS_STAT_H 1
| #define HAVE_STDLIB_H 1
| #define HAVE_STRING_H 1
| #define HAVE_MEMORY_H 1
| #define HAVE_STRINGS_H 1
| #define HAVE_INTTYPES_H 1
| #define HAVE_STDINT_H 1
| #define HAVE_UNISTD_H 1
| #define __EXTENSIONS__ 1
| #define _ALL_SOURCE 1
| #define _GNU_SOURCE 1
| #define _POSIX_PTHREAD_SEMANTICS 1
| #define _TANDEM_SOURCE 1
| #define HAVE_STDDEF_H 1
| #define HAVE_STDLIB_H 1
| #define HAVE_UNISTD_H 1
| #define HAVE_DIRENT_H 1
| #define HAVE_LIMITS_H 1
| #define HAVE_SYS_DIR_H 1
| #define HAVE_STRING_H 1
| #define HAVE_STRINGS_H 1
| #define HAVE_MATH_H 1
| #define HAVE_SYS_TIME_H 1
| #define RET_TYPE_SRAND_IS_VOID 1
| #define HAVE_SYS_NERR 1
| #define HAVE_SYS_ERRLIST 1
| #define HAVE_CC_LIMITS_H 1
| #define HAVE_CC_INTTYPES_H 1
| #define RETSIGTYPE void
| #define HAVE_STRUCT_EXCEPTION 1
| #define ICONV_CONST 
| #define HAVE_STDLIB_H 1
| #define HAVE_UNISTD_H 1
| #define HAVE_SYS_PARAM_H 1
| #define HAVE_GETPAGESIZE 1
| #define HAVE_MMAP 1
| #define HAVE_FMOD 1
| #define HAVE_GETCWD 1
| #define HAVE_PUTENV 1
| #define HAVE_SNPRINTF 1
| #define HAVE_STRCASECMP 1
| #define HAVE_STRERROR 1
| #define HAVE_STRNCASECMP 1
| #define HAVE_STRTOL 1
| #define HAVE_VSNPRINTF 1
| #define HAVE_GETTIMEOFDAY 1
| #define HAVE_ISATTY 1
| #define HAVE_KILL 1
| #define HAVE_RENAME 1
| #define HAVE_SETLOCALE 1
| #define HAVE_STRSEP 1
| #define HAVE_MKSTEMP 1
| #define HAVE_DECL_SYS_SIGLIST 0
| #define HAVE_DECL_GETC_UNLOCKED 1
| #define HAVE_LANGINFO_CODESET 1
| /* end confdefs.h.  */
| 
| 
| 
| #define name2(a, b) a/**/b
| 
| 
| int
| main ()
| {
| 
| 
| int name2(foo, bar);
| 
| 
|   ;
|   return 0;
| }
| 
configure:9964: result: no
configure:9976: checking w_coredump
configure:10013: gcc -o conftest -g -O2   conftest.c  >&5
conftest.c: In function 'main':
conftest.c:79:1: error: expected ';' before '{' token
 {
 ^
configure:10013: $? = 1
configure: program exited with status 1
configure: failed program was:
| /* confdefs.h */
| #define PACKAGE_NAME "groff"
| #define PACKAGE_TARNAME "groff-1.22.3"
| #define PACKAGE_VERSION "1.22.3"
| #define PACKAGE_STRING "groff 1.22.3"
| #define PACKAGE_BUGREPORT "bug-groff@gnu.org"
| #define PACKAGE_URL ""
| #define STDC_HEADERS 1
| #define HAVE_SYS_TYPES_H 1
| #define HAVE_SYS_STAT_H 1
| #define HAVE_STDLIB_H 1
| #define HAVE_STRING_H 1
| #define HAVE_MEMORY_H 1
| #define HAVE_STRINGS_H 1
| #define HAVE_INTTYPES_H 1
| #define HAVE_STDINT_H 1
| #define HAVE_UNISTD_H 1
| #define __EXTENSIONS__ 1
| #define _ALL_SOURCE 1
| #define _GNU_SOURCE 1
| #define _POSIX_PTHREAD_SEMANTICS 1
| #define _TANDEM_SOURCE 1
| #define HAVE_STDDEF_H 1
| #define HAVE_STDLIB_H 1
| #define HAVE_UNISTD_H 1
| #define HAVE_DIRENT_H 1
| #define HAVE_LIMITS_H 1
| #define HAVE_SYS_DIR_H 1
| #define HAVE_STRING_H 1
| #define HAVE_STRINGS_H 1
| #define HAVE_MATH_H 1
| #define HAVE_SYS_TIME_H 1
| #define RET_TYPE_SRAND_IS_VOID 1
| #define HAVE_SYS_NERR 1
| #define HAVE_SYS_ERRLIST 1
| #define HAVE_CC_LIMITS_H 1
| #define HAVE_CC_INTTYPES_H 1
| #define RETSIGTYPE void
| #define HAVE_STRUCT_EXCEPTION 1
| #define ICONV_CONST 
| #define HAVE_STDLIB_H 1
| #define HAVE_UNISTD_H 1
| #define HAVE_SYS_PARAM_H 1
| #define HAVE_GETPAGESIZE 1
| #define HAVE_MMAP 1
| #define HAVE_FMOD 1
| #define HAVE_GETCWD 1
| #define HAVE_PUTENV 1
| #define HAVE_SNPRINTF 1
| #define HAVE_STRCASECMP 1
| #define HAVE_STRERROR 1
| #define HAVE_STRNCASECMP 1
| #define HAVE_STRTOL 1
| #define HAVE_VSNPRINTF 1
| #define HAVE_GETTIMEOFDAY 1
| #define HAVE_ISATTY 1
| #define HAVE_KILL 1
| #define HAVE_RENAME 1
| #define HAVE_SETLOCALE 1
| #define HAVE_STRSEP 1
| #define HAVE_MKSTEMP 1
| #define HAVE_DECL_SYS_SIGLIST 0
| #define HAVE_DECL_GETC_UNLOCKED 1
| #define HAVE_LANGINFO_CODESET 1
| /* end confdefs.h.  */
| 
| 
| 
| #include <sys/types.h>
| #include <sys/wait.h>
| 
| 
| int
| main ()
| {
| 
| 
| main()
| {
| #ifdef WCOREFLAG
|   exit(1);
| #else
|   int i = 0;
|   ((union wait *)&i)->w_coredump = 1;
|   exit(i != 0200);
| #endif
| }
| 
| 
|   ;
|   return 0;
| }
| 
configure:10020: result: no
configure:10029: checking default value for grops -b option
configure:10032: result: 0
configure:10035: checking default paper size
configure:10089: result: letter
configure:10092: checking for existing troff installation
configure:10099: result: no
configure:10104: checking for prefix of system macro packages
configure:10121: result: 
configure:10125: checking which system macro packages should be made available
configure:10168: result: 
configure:10171: checking separator character to use in groff search paths
configure:10198: gcc -c -g -O2  conftest.c >&5
configure:10198: $? = 0
configure:10204: result: :
configure:10271: checking for gs
configure:10301: result: no
configure:10271: checking for gswin32c
configure:10301: result: no
configure:10271: checking for gsos2
configure:10301: result: no
configure:10336: checking for pnmcut
configure:10364: result: missing
configure:10376: checking for pnmcrop
configure:10404: result: missing
configure:10416: checking for pnmtopng
configure:10444: result: missing
configure:10456: checking for psselect
configure:10484: result: missing
configure:10496: checking for pnmtops
configure:10524: result: missing
configure:10575: WARNING: missing programs:

  The programs
     `pnmcut', `pnmcrop', `pnmtopng', `psselect', `pnmtops' and `gs'
  cannot be found in the PATH.
  Consequently, groff's HTML backend (grohtml) will not work properly;
  therefore, it will neither be possible to prepare, nor to install,
  documentation in HTML format.
     
configure:10747: WARNING: missing program:

  The program `gs' cannot be found in the PATH.
  Consequently, groff's PDF formatter (pdfroff) will not work properly;
  therefore, it will neither be possible to prepare, nor to install,
  documentation and most of the examples in PDF format.
     
configure:10761: checking whether pnmtops can handle the -nosetpage option
configure:10768: result: no
configure:10774: checking whether we are using the GNU C Library >= 2.1 or uClibc
configure:10804: result: yes
configure:10816: checking for symlink
configure:10816: gcc -o conftest -g -O2   conftest.c  >&5
configure:10816: $? = 0
configure:10816: result: yes
configure:10832: checking for working fcntl.h
configure:10935: gcc -o conftest -g -O2   conftest.c  >&5
configure:10935: $? = 0
configure:10935: ./conftest
configure:10935: $? = 0
configure:10950: result: yes
configure:10973: checking whether getc_unlocked is declared
configure:10973: result: yes
configure:11116: creating ./config.status

## ---------------------- ##
## Running config.status. ##
## ---------------------- ##

This file was extended by groff config.status 1.22.3, which was
generated by GNU Autoconf 2.69.  Invocation command line was

  CONFIG_FILES    = 
  CONFIG_HEADERS  = 
  CONFIG_LINKS    = 
  CONFIG_COMMANDS = 
  $ ./config.status 

on SioT_Edison

config.status:952: creating stamp-h
config.status:952: creating Makefile
config.status:952: creating doc/Makefile
config.status:952: creating src/utils/xtotroff/Makefile
config.status:952: creating contrib/gdiffmk/tests/runtests
config.status:952: creating test-groff
config.status:952: creating src/include/config.h

## ---------------- ##
## Cache variables. ##
## ---------------- ##

ac_cv_build=i686-pc-linux-gnu
ac_cv_c_bigendian=no
ac_cv_c_compiler_gnu=yes
ac_cv_cxx_compiler_gnu=yes
ac_cv_env_CCC_set=
ac_cv_env_CCC_value=
ac_cv_env_CC_set=
ac_cv_env_CC_value=
ac_cv_env_CFLAGS_set=
ac_cv_env_CFLAGS_value=
ac_cv_env_CPPFLAGS_set=
ac_cv_env_CPPFLAGS_value=
ac_cv_env_CPP_set=
ac_cv_env_CPP_value=
ac_cv_env_CXXCPP_set=
ac_cv_env_CXXCPP_value=
ac_cv_env_CXXFLAGS_set=
ac_cv_env_CXXFLAGS_value=
ac_cv_env_CXX_set=
ac_cv_env_CXX_value=
ac_cv_env_LDFLAGS_set=
ac_cv_env_LDFLAGS_value=
ac_cv_env_LIBS_set=
ac_cv_env_LIBS_value=
ac_cv_env_XMKMF_set=
ac_cv_env_XMKMF_value=
ac_cv_env_build_alias_set=
ac_cv_env_build_alias_value=
ac_cv_env_host_alias_set=
ac_cv_env_host_alias_value=
ac_cv_env_target_alias_set=
ac_cv_env_target_alias_value=
ac_cv_func_connect=yes
ac_cv_func_fmod=yes
ac_cv_func_getcwd=yes
ac_cv_func_gethostbyname=yes
ac_cv_func_getpagesize=yes
ac_cv_func_gettimeofday=yes
ac_cv_func_isatty=yes
ac_cv_func_kill=yes
ac_cv_func_mmap_fixed_mapped=yes
ac_cv_func_putenv=yes
ac_cv_func_remove=yes
ac_cv_func_rename=yes
ac_cv_func_setlocale=yes
ac_cv_func_shmat=yes
ac_cv_func_snprintf=yes
ac_cv_func_strcasecmp=yes
ac_cv_func_strerror=yes
ac_cv_func_strncasecmp=yes
ac_cv_func_strsep=yes
ac_cv_func_strtol=yes
ac_cv_func_symlink=yes
ac_cv_func_vsnprintf=yes
ac_cv_gnu_library_2_1=yes
ac_cv_have_decl_getc_unlocked=yes
ac_cv_have_decl_sys_siglist=no
ac_cv_have_x='have_x=yes	ac_x_includes='\'''\''	ac_x_libraries='\'''\'''
ac_cv_header_direct_h=no
ac_cv_header_dirent_h=yes
ac_cv_header_inttypes_h=yes
ac_cv_header_limits_h=yes
ac_cv_header_math_h=yes
ac_cv_header_memory_h=yes
ac_cv_header_minix_config_h=no
ac_cv_header_process_h=no
ac_cv_header_stdc=yes
ac_cv_header_stddef_h=yes
ac_cv_header_stdint_h=yes
ac_cv_header_stdlib_h=yes
ac_cv_header_string_h=yes
ac_cv_header_strings_h=yes
ac_cv_header_sys_dir_h=yes
ac_cv_header_sys_param_h=yes
ac_cv_header_sys_stat_h=yes
ac_cv_header_sys_time_h=yes
ac_cv_header_sys_types_h=yes
ac_cv_header_unistd_h=yes
ac_cv_host=i686-pc-linux-gnu
ac_cv_lib_ICE_IceConnectionNumber=yes
ac_cv_lib_c_main=yes
ac_cv_lib_m_sin=yes
ac_cv_objext=o
ac_cv_path_EGREP='/bin/grep -E'
ac_cv_path_GREP=/bin/grep
ac_cv_path_PERL=/usr/bin/perl
ac_cv_path_SED=/bin/sed
ac_cv_path_install='/usr/bin/install -c'
ac_cv_prog_AWK=gawk
ac_cv_prog_CPP='gcc -E'
ac_cv_prog_CXXCPP='g++ -E'
ac_cv_prog_YACC='bison -y'
ac_cv_prog_ac_ct_CC=gcc
ac_cv_prog_ac_ct_CXX=g++
ac_cv_prog_ac_ct_RANLIB=ranlib
ac_cv_prog_cc_c89=
ac_cv_prog_cc_g=yes
ac_cv_prog_cxx_g=yes
ac_cv_prog_pnmcrop=missing
ac_cv_prog_pnmcut=missing
ac_cv_prog_pnmtopng=missing
ac_cv_prog_pnmtops=missing
ac_cv_prog_psselect=missing
ac_cv_safe_to_define___extensions__=yes
acl_cv_hardcode_direct=no
acl_cv_hardcode_libdir_flag_spec='${wl}-rpath ${wl}$libdir'
acl_cv_hardcode_libdir_separator=
acl_cv_hardcode_minus_L=no
acl_cv_libext=a
acl_cv_libname_spec='lib$name'
acl_cv_library_names_spec='$libname$shrext'
acl_cv_path_LD=/usr/i586-poky-linux/bin/ld
acl_cv_prog_gnu_ld=yes
acl_cv_rpath=done
acl_cv_shlibext=so
acl_cv_wl=-Wl,
am_cv_func_iconv=yes
am_cv_func_iconv_works=no
am_cv_langinfo_codeset=yes
am_cv_lib_iconv=no
am_cv_proto_iconv='extern size_t iconv (iconv_t cd, char * *inbuf, size_t *inbytesleft, char * *outbuf, size_t *outbytesleft);'
am_cv_proto_iconv_arg1=
gl_cv_header_working_fcntl_h=yes
groff_cv_decl_needed_gettimeofday=no
groff_cv_decl_needed_hypot=no
groff_cv_decl_needed_pclose=no
groff_cv_decl_needed_popen=no
groff_cv_decl_needed_putenv=no
groff_cv_decl_needed_rand=no
groff_cv_decl_needed_snprintf=no
groff_cv_decl_needed_srand=no
groff_cv_decl_needed_strcasecmp=no
groff_cv_decl_needed_strncasecmp=no
groff_cv_decl_needed_vfprintf=no
groff_cv_decl_needed_vsnprintf=no
groff_cv_ebcdic=no
groff_cv_header_inttypes_h=yes
groff_cv_type_unsigned_long_long=yes

## ----------------- ##
## Output variables. ##
## ----------------- ##

ALT_AWK_PROGS='gawk mawk nawk awk'
ALT_GHOSTSCRIPT_PROGS='gs gswin32c gsos2'
AWK='gawk'
BROKEN_SPOOLER_FLAGS='0'
CC='gcc'
CFLAGS='-g -O2'
CPP='gcc -E'
CPPFLAGS=''
CXX='g++'
CXXCPP='g++ -E'
CXXFLAGS='-g -O2'
DEFS='-DHAVE_CONFIG_H'
DVIPRINT=''
ECHO_C=''
ECHO_N='-n'
ECHO_T=''
EGREP='/bin/grep -E'
EXEEXT=''
GHOSTSCRIPT='missing'
GLIBC21='yes'
GREP='/bin/grep'
GROFF_PATH_SEPARATOR=':'
INSTALL_DATA='${INSTALL} -m 644'
INSTALL_INFO=':'
INSTALL_PROGRAM='${INSTALL}'
INSTALL_SCRIPT='${INSTALL}'
LDFLAGS=''
LIBC='-lc'
LIBEXT='a'
LIBICONV=''
LIBM='-lm'
LIBOBJS=''
LIBS=''
LN_S='ln -s'
LP=''
LPQ=''
LPR=''
LTLIBICONV=''
LTLIBOBJS=''
MAKEINFO=''
OBJEXT='o'
OTHERDEVDIRS='font/devlj4 font/devlbp'
PACKAGE_BUGREPORT='bug-groff@gnu.org'
PACKAGE_NAME='groff'
PACKAGE_STRING='groff 1.22.3'
PACKAGE_TARNAME='groff-1.22.3'
PACKAGE_URL=''
PACKAGE_VERSION='1.22.3'
PAGE='letter'
PATH_SEPARATOR=':'
PERL='/usr/bin/perl'
PERL_VERSION='5.20.0'
PSPRINT=''
RANLIB='ranlib'
SED='/bin/sed'
SHELL='/bin/sh'
SH_SCRIPT_SED_CMD='1s/a/a/'
TTYDEVDIRS='font/devascii font/devlatin1'
XDEVDIRS=''
XLIBDIRS=''
XMKMF=''
XPROGDIRS=''
X_CFLAGS=''
X_EXTRA_LIBS=''
X_LIBS=''
X_PRE_LIBS=' -lSM -lICE'
YACC='bison -y'
ac_ct_AWK=''
ac_ct_CC='gcc'
ac_ct_CXX='g++'
ac_ct_GHOSTSCRIPT=''
appresdir=''
bindir='${exec_prefix}/bin'
build='i686-pc-linux-gnu'
build_alias=''
build_cpu='i686'
build_os='linux-gnu'
build_vendor='pc'
datadir='${datarootdir}'
datarootdir='${prefix}/share'
doc_dist_target_ok='no'
docdir='${datarootdir}/doc/${PACKAGE_TARNAME}'
dvidir='${docdir}'
exec_prefix='${prefix}'
g=''
glilypond_dir='${exec_prefix}/lib/groff/glilypond'
gpinyin_dir='${exec_prefix}/lib/groff/gpinyin'
groffer_dir='${exec_prefix}/lib/groff/groffer'
grog_dir='${exec_prefix}/lib/groff/grog'
host='i686-pc-linux-gnu'
host_alias=''
host_cpu='i686'
host_os='linux-gnu'
host_vendor='pc'
htmldir='${docdir}'
includedir='${prefix}/include'
infodir='${datarootdir}/info'
libdir='${exec_prefix}/lib'
libexecdir='${exec_prefix}/libexec'
libprogramdir='${exec_prefix}/lib/groff'
localedir='${datarootdir}/locale'
localstatedir='${prefix}/var'
make_examples='examples'
make_htmldoc=''
make_htmlexamples=''
make_infodoc='infodoc'
make_install_examples='install_examples'
make_install_htmldoc=''
make_install_htmlexamples=''
make_install_infodoc='install_infodoc'
make_install_otherdoc='install_otherdoc'
make_install_pdfdoc=''
make_install_pdfexamples=''
make_install_shipped_htmldoc='install_shipped_htmldoc'
make_install_winscripts=''
make_otherdoc='otherdoc'
make_pdfdoc=''
make_pdfexamples=''
make_uninstall_examples='uninstall_examples'
make_uninstall_htmldoc=''
make_uninstall_htmlexamples=''
make_uninstall_infodoc='uninstall_infodoc'
make_uninstall_otherdoc='uninstall_otherdoc'
make_uninstall_pdfdoc=''
make_uninstall_pdfexamples=''
make_uninstall_shipped_htmldoc='uninstall_shipped_htmldoc'
make_uninstall_winscripts=''
make_winscripts=''
mandir='${datarootdir}/man'
oldincludedir='/usr/include'
pdfdir='${docdir}'
pnmcrop='missing'
pnmcut='missing'
pnmtopng='missing'
pnmtops='missing'
pnmtops_nosetpage='pnmtops'
prefix='/usr/local'
program_transform_name='s,x,x,'
psdir='${docdir}'
psselect='missing'
referdir='${exec_prefix}/lib/groff/refer'
sbindir='${exec_prefix}/sbin'
sharedstatedir='${prefix}/com'
sys_tmac_prefix=''
sysconfdir='${prefix}/etc'
target_alias=''
tmac_wrap=''

## ----------- ##
## confdefs.h. ##
## ----------- ##

/* confdefs.h */
#define PACKAGE_NAME "groff"
#define PACKAGE_TARNAME "groff-1.22.3"
#define PACKAGE_VERSION "1.22.3"
#define PACKAGE_STRING "groff 1.22.3"
#define PACKAGE_BUGREPORT "bug-groff@gnu.org"
#define PACKAGE_URL ""
#define STDC_HEADERS 1
#define HAVE_SYS_TYPES_H 1
#define HAVE_SYS_STAT_H 1
#define HAVE_STDLIB_H 1
#define HAVE_STRING_H 1
#define HAVE_MEMORY_H 1
#define HAVE_STRINGS_H 1
#define HAVE_INTTYPES_H 1
#define HAVE_STDINT_H 1
#define HAVE_UNISTD_H 1
#define __EXTENSIONS__ 1
#define _ALL_SOURCE 1
#define _GNU_SOURCE 1
#define _POSIX_PTHREAD_SEMANTICS 1
#define _TANDEM_SOURCE 1
#define HAVE_STDDEF_H 1
#define HAVE_STDLIB_H 1
#define HAVE_UNISTD_H 1
#define HAVE_DIRENT_H 1
#define HAVE_LIMITS_H 1
#define HAVE_SYS_DIR_H 1
#define HAVE_STRING_H 1
#define HAVE_STRINGS_H 1
#define HAVE_MATH_H 1
#define HAVE_SYS_TIME_H 1
#define RET_TYPE_SRAND_IS_VOID 1
#define HAVE_SYS_NERR 1
#define HAVE_SYS_ERRLIST 1
#define HAVE_CC_LIMITS_H 1
#define HAVE_CC_INTTYPES_H 1
#define RETSIGTYPE void
#define HAVE_STRUCT_EXCEPTION 1
#define ICONV_CONST 
#define HAVE_STDLIB_H 1
#define HAVE_UNISTD_H 1
#define HAVE_SYS_PARAM_H 1
#define HAVE_GETPAGESIZE 1
#define HAVE_MMAP 1
#define HAVE_FMOD 1
#define HAVE_GETCWD 1
#define HAVE_PUTENV 1
#define HAVE_SNPRINTF 1
#define HAVE_STRCASECMP 1
#define HAVE_STRERROR 1
#define HAVE_STRNCASECMP 1
#define HAVE_STRTOL 1
#define HAVE_VSNPRINTF 1
#define HAVE_GETTIMEOFDAY 1
#define HAVE_ISATTY 1
#define HAVE_KILL 1
#define HAVE_RENAME 1
#define HAVE_SETLOCALE 1
#define HAVE_STRSEP 1
#define HAVE_MKSTEMP 1
#define HAVE_DECL_SYS_SIGLIST 0
#define HAVE_DECL_GETC_UNLOCKED 1
#define HAVE_LANGINFO_CODESET 1
#define HAVE_SYMLINK 1
#define HAVE_WORKING_O_NOATIME 1
#define HAVE_WORKING_O_NOFOLLOW 1
#define HAVE_DECL_GETC_UNLOCKED 1

configure: exit 0
